    1.0000     4.984    -0.235    -1.508    -0.510     0.000
    1.0000     4.983    -0.236    -1.314    -0.449     0.000
    1.0000     4.983    -0.236    -1.273    -0.427     0.000
    1.0000     4.981    -0.237    -1.001    -0.372     0.000
    1.0000     4.980    -0.239    -0.678    -0.312     0.000
    1.0000     4.978    -0.240    -0.380    -0.292     0.000
    1.0000     4.977    -0.241    -0.343    -0.292     0.000
    1.0000     4.975    -0.241    -0.342    -0.292     0.000
    1.0000     4.974    -0.242    -0.341    -0.292     0.000
    1.0000     4.972    -0.243    -0.341    -0.292     0.000
    1.0000     4.970    -0.244    -0.342    -0.293     0.000
    1.0000     4.968    -0.244    -0.343    -0.293     0.000
    1.0000     4.966    -0.245    -0.343    -0.294     0.000
    1.0000     4.964    -0.246    -0.344    -0.295     0.000
    1.0000     4.963    -0.246    -0.344    -0.295     0.000
    1.0000     4.960    -0.247    -0.344    -0.295     0.000
    1.0000     4.958    -0.247    -0.344    -0.295     0.000
    1.0000     4.956    -0.248    -0.344    -0.295     0.000
    1.0000     4.954    -0.248    -0.344    -0.295     0.000
    1.0000     4.952    -0.248    -0.345    -0.296     0.000
    1.0000     4.950    -0.248    -0.345    -0.296     0.000
    1.0000     4.948    -0.248    -0.345    -0.296     0.000
    1.0000     4.946    -0.248    -0.345    -0.296     0.000
    1.0000     4.944    -0.248    -0.345    -0.296     0.000
    1.0000     4.941    -0.248    -0.345    -0.296     0.000
    1.0000     4.939    -0.248    -0.348    -0.296     0.000
    1.0000     4.938    -0.248    -0.392    -0.297     0.000
    1.0000     4.935    -0.248    -0.470    -0.306     0.000
    1.0000     4.933    -0.247    -0.529    -0.324     0.000
    1.0000     4.933    -0.247    -0.661    -0.358     0.000
    1.0000     4.933    -0.247    -0.783    -0.392     0.000
    1.0000     4.934    -0.248    -0.933    -0.433     0.000
    1.0000     4.935    -0.248    -1.093    -0.477     0.000
    1.0000     4.937    -0.248    -1.236    -0.518     0.000
    1.0000     4.938    -0.248    -1.387    -0.559     0.000
    1.0000     4.941    -0.249    -1.475    -0.593     0.000
    1.0000     4.945    -0.249    -1.476    -0.591     0.000
    1.0000     4.949    -0.249    -1.454    -0.573     0.000
    1.0000     4.952    -0.249    -1.481    -0.585     0.000
    1.0000     4.953    -0.249    -1.441    -0.556     0.000
    1.0000     4.954    -0.249    -1.452    -0.544     0.000
    1.0000     4.956    -0.249    -1.470    -0.544     0.000
    1.0000     4.956    -0.250    -1.453    -0.528     0.000
    1.0000     4.956    -0.250    -1.377    -0.502     0.000
    1.0000     4.956    -0.250    -1.196    -0.453     0.000
    1.0000     4.956    -0.250    -1.307    -0.480     0.000
    1.0000     4.956    -0.250    -1.148    -0.441     0.000
    1.0000     4.955    -0.250    -1.041    -0.416     0.000
    1.0000     4.954    -0.251    -0.966    -0.399     0.000
    1.0000     4.953    -0.251    -0.748    -0.355     0.000
    1.0000     4.952    -0.251    -0.650    -0.336     0.000
    1.0000     4.950    -0.251    -0.494    -0.309     0.000
    1.0000     4.947    -0.252    -0.391    -0.301     0.000
    1.0000     4.946    -0.252    -0.352    -0.301     0.000
    1.0000     4.944    -0.252    -0.350    -0.300     0.000
    1.0000     4.942    -0.251    -0.349    -0.300     0.000
    1.0000     4.941    -0.251    -0.349    -0.300     0.000
    1.0000     4.939    -0.251    -0.349    -0.300     0.000
    1.0000     4.937    -0.251    -0.348    -0.299     0.000
    1.0000     4.936    -0.251    -0.348    -0.299     0.000
    1.0000     4.934    -0.251    -0.347    -0.298     0.000
    1.0000     4.933    -0.250    -0.347    -0.298     0.000
    1.0000     4.939    -0.251    -0.347    -0.298     0.000
    1.0000     4.942    -0.248    -0.345    -0.296     0.000
    1.0000     4.940    -0.249    -0.345    -0.296     0.000
    1.0000     4.938    -0.249    -0.345    -0.296     0.000
    1.0000     4.936    -0.249    -0.345    -0.296     0.000
    1.0000     4.934    -0.249    -0.345    -0.296     0.000
    1.0000     4.934    -0.249    -0.345    -0.296     0.000
    1.0000     4.932    -0.249    -0.345    -0.296     0.000
    1.0000     4.931    -0.248    -0.345    -0.295     0.000
    1.0000     4.930    -0.248    -0.344    -0.295     0.000
    1.0000     4.928    -0.248    -0.344    -0.295     0.000
    1.0000     4.928    -0.248    -0.344    -0.295     0.000
    1.0000     4.933    -0.244    -0.342    -0.291     0.000
    1.0000     4.936    -0.245    -0.350    -0.292     0.000
    1.0000     4.940    -0.237    -0.348    -0.284     0.000
    1.0000     4.932    -0.222    -0.351    -0.273     0.000
    1.0000     4.923    -0.224    -0.411    -0.286     0.000
    1.0000     4.925    -0.231    -0.544    -0.320     0.000
    1.0000     4.933    -0.236    -0.732    -0.369     0.000
    1.0000     4.939    -0.239    -0.834    -0.393     0.000
    1.0000     4.944    -0.241    -0.830    -0.392     0.000
    1.0000     4.948    -0.242    -0.945    -0.428     0.000
    1.0000     4.952    -0.242    -1.204    -0.507     0.000
    1.0000     4.956    -0.242    -1.376    -0.535     0.000
    1.0000     4.959    -0.242    -1.256    -0.492     0.000
    1.0000     4.961    -0.241    -0.783    -0.374     0.000
    1.0000     4.972    -0.238    -0.936    -0.424     0.000
    1.0000     4.971    -0.238    -1.154    -0.485     0.000
    1.0000     4.971    -0.239    -1.159    -0.470     0.000
    1.0000     4.971    -0.239    -1.368    -0.516     0.000
    1.0000     4.971    -0.239    -1.411    -0.528     0.000
    1.0000     4.970    -0.240    -1.363    -0.512     0.000
    1.0000     4.970    -0.240    -1.204    -0.477     0.000
    1.0000     4.968    -0.241    -1.075    -0.438     0.000
    1.0000     4.967    -0.241    -1.030    -0.426     0.000
    1.0000     4.965    -0.242    -0.960    -0.404     0.000
    1.0000     4.964    -0.242    -0.913    -0.389     0.000
    1.0000     4.962    -0.243    -0.854    -0.373     0.000
    1.0000     4.961    -0.243    -0.636    -0.327     0.000
    1.0000     4.960    -0.243    -0.407    -0.294     0.000
    1.0000     4.959    -0.244    -0.345    -0.292     0.000
    1.0000     4.957    -0.244    -0.342    -0.292     0.000
    1.0000     4.955    -0.244    -0.342    -0.293     0.000
    1.0000     4.953    -0.244    -0.342    -0.293     0.000
    1.0000     4.952    -0.244    -0.342    -0.293     0.000
    1.0000     4.950    -0.244    -0.341    -0.292     0.000
    1.0000     4.948    -0.245    -0.341    -0.292     0.000
    1.0000     4.947    -0.245    -0.341    -0.292     0.000
    1.0000     4.945    -0.245    -0.341    -0.292     0.000
    1.0000     4.943    -0.244    -0.341    -0.292     0.000
    1.0000     4.941    -0.244    -0.341    -0.292     0.000
    1.0000     4.939    -0.244    -0.341    -0.292     0.000
    1.0000     4.938    -0.244    -0.341    -0.292     0.000
    1.0000     4.937    -0.244    -0.340    -0.292     0.000
    1.0000     4.936    -0.244    -0.340    -0.291     0.000
    1.0000     4.934    -0.243    -0.339    -0.291     0.000
    1.0000     4.932    -0.243    -0.339    -0.290     0.000
    1.0000     4.930    -0.243    -0.339    -0.290     0.000
    1.0000     4.929    -0.243    -0.338    -0.290     0.000
    1.0000     4.927    -0.242    -0.342    -0.289     0.000
    1.0000     4.926    -0.242    -0.380    -0.290     0.000
    1.0000     4.924    -0.242    -0.433    -0.296     0.000
    1.0000     4.924    -0.242    -0.502    -0.314     0.000
    1.0000     4.924    -0.242    -0.586    -0.339     0.000
    1.0000     4.925    -0.242    -0.701    -0.372     0.000
    1.0000     4.926    -0.242    -0.808    -0.403     0.000
    1.0000     4.927    -0.242    -0.892    -0.428     0.000
    1.0000     4.927    -0.242    -0.949    -0.448     0.000
    1.0000     4.928    -0.243    -1.018    -0.475     0.000
    1.0000     4.929    -0.243    -1.091    -0.499     0.000
    1.0000     4.932    -0.244    -1.169    -0.522     0.000
    1.0000     4.935    -0.244    -1.210    -0.538     0.000
    1.0000     4.936    -0.245    -1.187    -0.527     0.000
    1.0000     4.935    -0.245    -1.129    -0.507     0.000
    1.0000     4.935    -0.245    -1.062    -0.473     0.000
    1.0000     4.935    -0.245    -1.036    -0.453     0.000
    1.0000     4.935    -0.245    -1.011    -0.440     0.000
    1.0000     4.934    -0.245    -1.055    -0.446     0.000
    1.0000     4.934    -0.246    -1.153    -0.472     0.000
    1.0000     4.932    -0.245    -1.151    -0.470     0.000
    1.0000     4.931    -0.245    -1.034    -0.438     0.000
    1.0000     4.931    -0.246    -1.003    -0.434     0.000
    1.0000     4.929    -0.245    -0.931    -0.412     0.000
    1.0000     4.928    -0.245    -0.798    -0.373     0.000
    1.0000     4.927    -0.245    -0.607    -0.331     0.000
    1.0000     4.924    -0.245    -0.441    -0.300     0.000
    1.0000     4.922    -0.244    -0.374    -0.293     0.000
    1.0000     4.917    -0.243    -0.342    -0.291     0.000
    1.0000     4.918    -0.243    -0.340    -0.291     0.000
    1.0000     4.921    -0.241    -0.338    -0.289     0.000
    1.0000     4.935    -0.239    -0.335    -0.286     0.000
    1.0000     4.946    -0.236    -0.332    -0.283     0.000
    1.0000     4.941    -0.238    -0.334    -0.285     0.000
    1.0000     4.938    -0.240    -0.335    -0.286     0.000
    1.0000     4.937    -0.238    -0.334    -0.285     0.000
    1.0000     4.936    -0.239    -0.335    -0.286     0.000
    1.0000     4.938    -0.240    -0.336    -0.287     0.000
    1.0000     4.937    -0.241    -0.337    -0.288     0.000
    1.0000     4.942    -0.239    -0.335    -0.286     0.000
    1.0000     4.949    -0.238    -0.334    -0.285     0.000
    1.0000     4.951    -0.236    -0.332    -0.283     0.000
    1.0000     4.950    -0.235    -0.331    -0.282     0.000
    1.0000     4.951    -0.228    -0.324    -0.275     0.000
    1.0000     4.951    -0.227    -0.323    -0.274     0.000
    1.0000     4.960    -0.230    -0.326    -0.277     0.000
    1.0000     4.975    -0.226    -0.322    -0.273     0.000
    1.0000     4.988    -0.220    -0.316    -0.267     0.000
    1.0000     4.995    -0.212    -0.308    -0.259     0.000
    1.0000     5.000    -0.206    -0.307    -0.253     0.000
    1.0000     5.003    -0.202    -0.322    -0.250     0.000
    1.0000     5.005    -0.199    -0.344    -0.252     0.000
    1.0000     5.006    -0.197    -0.339    -0.250     0.000
    1.0000     5.007    -0.195    -0.344    -0.250     0.000
    1.0000     5.007    -0.195    -0.373    -0.255     0.000
    1.0000     5.007    -0.195    -0.424    -0.267     0.000
    1.0000     5.007    -0.195    -0.489    -0.284     0.000
    1.0000     5.007    -0.195    -0.574    -0.308     0.000
    1.0000     5.007    -0.195    -0.611    -0.316     0.000
    1.0000     5.007    -0.195    -0.611    -0.313     0.000
    1.0000     5.007    -0.195    -0.591    -0.304     0.000
    1.0000     5.007    -0.195    -0.681    -0.333     0.000
    1.0000     5.007    -0.196    -0.801    -0.371     0.000
    1.0000     5.007    -0.195    -0.805    -0.350     0.000
    1.0000     5.007    -0.195    -1.026    -0.418     0.000
    1.0000     5.007    -0.195    -1.071    -0.428     0.000
    1.0000     5.007    -0.196    -1.096    -0.433     0.000
    1.0000     5.007    -0.196    -1.101    -0.449     0.000
    1.0000     5.007    -0.197    -1.100    -0.444     0.000
    1.0000     5.006    -0.198    -0.945    -0.390     0.000
    1.0000     5.006    -0.199    -1.025    -0.417     0.000
    1.0000     5.005    -0.200    -0.977    -0.403     0.000
    1.0000     5.005    -0.201    -0.841    -0.366     0.000
    1.0000     5.004    -0.202    -0.561    -0.298     0.000
    1.0000     5.003    -0.203    -0.540    -0.287     0.000
    1.0000     5.003    -0.204    -0.413    -0.265     0.000
    1.0000     5.002    -0.205    -0.323    -0.253     0.000
    1.0000     5.001    -0.206    -0.303    -0.253     0.000
    1.0000     5.001    -0.207    -0.304    -0.255     0.000
    1.0000     5.000    -0.208    -0.305    -0.256     0.000
    1.0000     4.999    -0.210    -0.306    -0.257     0.000
    1.0000     4.998    -0.211    -0.307    -0.258     0.000
    1.0000     4.997    -0.212    -0.308    -0.259     0.000
    1.0000     4.997    -0.212    -0.309    -0.260     0.000
    1.0000     4.996    -0.213    -0.310    -0.261     0.000
    1.0000     4.996    -0.214    -0.311    -0.262     0.000
    1.0000     4.995    -0.215    -0.311    -0.262     0.000
    1.0000     4.994    -0.215    -0.312    -0.263     0.000
    1.0000     4.994    -0.216    -0.313    -0.264     0.000
    1.0000     4.993    -0.217    -0.313    -0.264     0.000
    1.0000     4.992    -0.218    -0.314    -0.265     0.000
    1.0000     4.992    -0.218    -0.314    -0.265     0.000
    1.0000     4.991    -0.219    -0.315    -0.266     0.000
    1.0000     4.990    -0.219    -0.316    -0.267     0.000
    1.0000     4.990    -0.220    -0.317    -0.268     0.000
    1.0000     4.989    -0.221    -0.318    -0.269     0.000
    1.0000     4.988    -0.221    -0.332    -0.269     0.000
    1.0000     4.988    -0.222    -0.462    -0.273     0.000
    1.0000     4.987    -0.223    -0.577    -0.292     0.000
    1.0000     4.987    -0.223    -0.692    -0.323     0.000
    1.0000     4.984    -0.225    -0.817    -0.360     0.000
    1.0000     4.986    -0.224    -0.899    -0.388     0.000
    1.0000     4.985    -0.225    -0.973    -0.414     0.000
    1.0000     4.985    -0.225    -1.046    -0.437     0.000
    1.0000     4.985    -0.225    -1.133    -0.465     0.000
    1.0000     4.984    -0.225    -1.244    -0.499     0.000
    1.0000     4.985    -0.225    -1.346    -0.529     0.000
    1.0000     4.986    -0.225    -1.429    -0.554     0.000
    1.0000     4.983    -0.227    -1.474    -0.576     0.000
    1.0000     4.984    -0.227    -1.496    -0.593     0.000
    1.0000     4.982    -0.228    -1.512    -0.606     0.000
    1.0000     4.980    -0.230    -1.527    -0.622     0.000
    1.0000     4.979    -0.231    -1.531    -0.630     0.000
    1.0000     4.979    -0.231    -1.769    -0.635     0.000
    1.0000     4.977    -0.233    -1.784    -0.634     0.000
    1.0000     4.976    -0.234    -1.783    -0.627     0.000
    1.0000     4.975    -0.234    -1.780    -0.616     0.000
    1.0000     4.974    -0.236    -1.771    -0.600     0.000
    1.0000     4.971    -0.237    -1.752    -0.578     0.000
    1.0000     4.969    -0.238    -1.706    -0.550     0.000
    1.0000     4.968    -0.239    -1.603    -0.512     0.000
    1.0000     4.966    -0.240    -1.436    -0.468     0.000
    1.0000     4.964    -0.240    -1.168    -0.405     0.000
    1.0000     4.964    -0.241    -0.767    -0.331     0.000
    1.0000     4.962    -0.241    -0.428    -0.295     0.000
    1.0000     4.961    -0.242    -0.347    -0.293     0.000
    1.0000     4.960    -0.242    -0.342    -0.292     0.000
    1.0000     4.959    -0.242    -0.342    -0.292     0.000
    1.0000     4.959    -0.242    -0.342    -0.292     0.000
    1.0000     4.957    -0.242    -0.342    -0.292     0.000
    1.0000     4.956    -0.243    -0.342    -0.293     0.000
    1.0000     4.955    -0.243    -0.342    -0.293     0.000
    1.0000     4.952    -0.243    -0.342    -0.293     0.000
    1.0000     4.952    -0.243    -0.341    -0.292     0.000
    1.0000     4.950    -0.243    -0.341    -0.292     0.000
    1.0000     4.948    -0.243    -0.342    -0.292     0.000
    1.0000     4.946    -0.243    -0.342    -0.292     0.000
    1.0000     4.944    -0.243    -0.341    -0.292     0.000
    1.0000     4.938    -0.243    -0.341    -0.292     0.000
    1.0000     4.939    -0.243    -0.342    -0.292     0.000
    1.0000     4.937    -0.243    -0.342    -0.292     0.000
    1.0000     4.935    -0.243    -0.341    -0.292     0.000
    1.0000     4.934    -0.243    -0.341    -0.292     0.000
    1.0000     4.932    -0.242    -0.341    -0.292     0.000
    1.0000     4.931    -0.242    -0.352    -0.292     0.000
    1.0000     4.930    -0.242    -0.541    -0.292     0.000
    1.0000     4.927    -0.242    -0.773    -0.319     0.000
    1.0000     4.927    -0.242    -0.970    -0.368     0.000
    1.0000     4.925    -0.241    -1.116    -0.410     0.000
    1.0000     4.924    -0.241    -1.233    -0.447     0.000
    1.0000     4.924    -0.242    -1.374    -0.489     0.000
    1.0000     4.925    -0.242    -1.461    -0.522     0.000
    1.0000     4.926    -0.243    -1.508    -0.559     0.000
    1.0000     4.927    -0.243    -1.539    -0.598     0.000
    1.0000     4.930    -0.244    -1.806    -0.633     0.000
    1.0000     4.933    -0.245    -1.810    -0.666     0.000
    1.0000     4.934    -0.245    -1.797    -0.686     0.000
    1.0000     4.936    -0.246    -1.798    -0.695     0.000
    1.0000     4.937    -0.246    -1.791    -0.701     0.000
    1.0000     4.938    -0.247    -1.775    -0.710     0.000
    1.0000     4.940    -0.247    -1.744    -0.721     0.000
    1.0000     4.942    -0.248    -1.750    -0.723     0.000
    1.0000     4.943    -0.248    -1.764    -0.721     0.000
    1.0000     4.945    -0.248    -1.780    -0.708     0.000
    1.0000     4.947    -0.249    -1.793    -0.694     0.000
    1.0000     4.947    -0.249    -1.793    -0.682     0.000
    1.0000     4.946    -0.249    -1.797    -0.658     0.000
    1.0000     4.945    -0.250    -1.821    -0.622     0.000
    1.0000     4.946    -0.250    -1.819    -0.573     0.000
    1.0000     4.944    -0.250    -1.657    -0.500     0.000
    1.0000     4.942    -0.251    -1.325    -0.422     0.000
    1.0000     4.942    -0.251    -0.860    -0.340     0.000
    1.0000     4.941    -0.251    -0.449    -0.306     0.000
    1.0000     4.939    -0.251    -0.358    -0.303     0.000
    1.0000     4.937    -0.251    -0.352    -0.302     0.000
    1.0000     4.936    -0.250    -0.352    -0.302     0.000
    1.0000     4.933    -0.250    -0.351    -0.301     0.000
    1.0000     4.931    -0.250    -0.350    -0.301     0.000
    1.0000     4.929    -0.249    -0.350    -0.300     0.000
    1.0000     4.926    -0.249    -0.349    -0.299     0.000
    1.0000     4.924    -0.249    -0.348    -0.299     0.000
    1.0000     4.922    -0.248    -0.347    -0.298     0.000
    1.0000     4.919    -0.247    -0.346    -0.297     0.000
    1.0000     4.917    -0.247    -0.346    -0.296     0.000
    1.0000     4.915    -0.246    -0.345    -0.295     0.000
    1.0000     4.913    -0.245    -0.344    -0.295     0.000
    1.0000     4.911    -0.245    -0.343    -0.294     0.000
    1.0000     4.909    -0.244    -0.342    -0.293     0.000
    1.0000     4.907    -0.243    -0.342    -0.292     0.000
    1.0000     4.905    -0.242    -0.341    -0.292     0.000
    1.0000     4.903    -0.242    -0.340    -0.291     0.000
    1.0000     4.902    -0.241    -0.339    -0.290     0.000
    1.0000     4.899    -0.240    -0.346    -0.289     0.000
    1.0000     4.899    -0.240    -0.502    -0.288     0.000
    1.0000     4.896    -0.238    -0.688    -0.309     0.000
    1.0000     4.896    -0.238    -0.838    -0.349     0.000
    1.0000     4.896    -0.239    -0.935    -0.381     0.000
    1.0000     4.896    -0.239    -1.134    -0.425     0.000
    1.0000     4.896    -0.239    -1.396    -0.479     0.000
    1.0000     4.898    -0.240    -1.488    -0.526     0.000
    1.0000     4.900    -0.241    -1.531    -0.571     0.000
    1.0000     4.902    -0.242    -1.599    -0.617     0.000
    1.0000     4.906    -0.244    -1.830    -0.654     0.000
    1.0000     4.910    -0.246    -1.852    -0.679     0.000
    1.0000     4.912    -0.247    -1.864    -0.690     0.000
    1.0000     4.914    -0.248    -1.872    -0.694     0.000
    1.0000     4.915    -0.249    -1.852    -0.687     0.000
    1.0000     4.915    -0.249    -1.837    -0.677     0.000
    1.0000     4.917    -0.250    -1.813    -0.669     0.000
    1.0000     4.920    -0.251    -1.781    -0.657     0.000
    1.0000     4.920    -0.251    -1.736    -0.649     0.000
    1.0000     4.923    -0.252    -1.751    -0.627     0.000
    1.0000     4.923    -0.252    -1.851    -0.674     0.000
    1.0000     4.924    -0.253    -1.839    -0.658     0.000
    1.0000     4.924    -0.253    -1.763    -0.617     0.000
    1.0000     4.922    -0.253    -1.382    -0.506     0.000
    1.0000     4.922    -0.253    -1.173    -0.445     0.000
    1.0000     4.922    -0.253    -0.985    -0.396     0.000
    1.0000     4.920    -0.253    -0.831    -0.355     0.000
    1.0000     4.918    -0.253    -0.660    -0.319     0.000
    1.0000     4.915    -0.252    -0.423    -0.303     0.000
    1.0000     4.911    -0.251    -0.357    -0.302     0.000
    1.0000     4.908    -0.250    -0.352    -0.302     0.000
    1.0000     4.905    -0.249    -0.351    -0.301     0.000
    1.0000     4.901    -0.247    -0.349    -0.299     0.000
    1.0000     4.897    -0.246    -0.348    -0.298     0.000
    1.0000     4.894    -0.244    -0.346    -0.296     0.000
    1.0000     4.891    -0.243    -0.344    -0.295     0.000
    1.0000     4.888    -0.241    -0.343    -0.293     0.000
    1.0000     4.885    -0.240    -0.341    -0.291     0.000
    1.0000     4.882    -0.238    -0.338    -0.288     0.000
    1.0000     4.878    -0.236    -0.335    -0.286     0.000
    1.0000     4.875    -0.234    -0.333    -0.283     0.000
    1.0000     4.872    -0.232    -0.330    -0.281     0.000
    1.0000     4.868    -0.230    -0.328    -0.279     0.000
    1.0000     4.866    -0.228    -0.325    -0.276     0.000
    1.0000     4.862    -0.225    -0.323    -0.274     0.000
    1.0000     4.858    -0.223    -0.320    -0.271     0.000
    1.0000     4.855    -0.221    -0.318    -0.269     0.000
    1.0000     4.851    -0.218    -0.316    -0.266     0.000
    1.0000     4.848    -0.216    -0.321    -0.264     0.000
    1.0000     4.846    -0.214    -0.430    -0.262     0.000
    1.0000     4.844    -0.212    -0.522    -0.277     0.000
    1.0000     4.840    -0.210    -0.610    -0.301     0.000
    1.0000     4.840    -0.210    -0.755    -0.335     0.000
    1.0000     4.840    -0.210    -0.967    -0.381     0.000
    1.0000     4.839    -0.209    -1.187    -0.432     0.000
    1.0000     4.843    -0.212    -1.397    -0.485     0.000
    1.0000     4.844    -0.213    -1.513    -0.535     0.000
    1.0000     4.848    -0.217    -1.544    -0.582     0.000
    1.0000     4.853    -0.221    -1.556    -0.618     0.000
    1.0000     4.859    -0.225    -1.818    -0.644     0.000
    1.0000     4.858    -0.225    -1.834    -0.655     0.000
    1.0000     4.860    -0.227    -1.850    -0.660     0.000
    1.0000     4.862    -0.228    -1.855    -0.660     0.000
    1.0000     4.867    -0.232    -1.853    -0.660     0.000
    1.0000     4.873    -0.236    -1.861    -0.665     0.000
    1.0000     4.873    -0.237    -1.866    -0.670     0.000
    1.0000     4.872    -0.236    -1.863    -0.672     0.000
    1.0000     4.876    -0.239    -1.856    -0.675     0.000
    1.0000     4.878    -0.240    -1.863    -0.673     0.000
    1.0000     4.878    -0.241    -1.844    -0.653     0.000
    1.0000     4.877    -0.240    -1.816    -0.619     0.000
    1.0000     4.876    -0.240    -1.687    -0.556     0.000
    1.0000     4.868    -0.236    -1.288    -0.454     0.000
    1.0000     4.870    -0.237    -1.081    -0.398     0.000
    1.0000     4.868    -0.236    -0.894    -0.353     0.000
    1.0000     4.868    -0.236    -0.678    -0.310     0.000
    1.0000     4.864    -0.233    -0.423    -0.287     0.000
    1.0000     4.859    -0.230    -0.337    -0.282     0.000
    1.0000     4.854    -0.227    -0.328    -0.278     0.000
    1.0000     4.849    -0.223    -0.324    -0.274     0.000
    1.0000     4.843    -0.219    -0.319    -0.269     0.000
    1.0000     4.838    -0.214    -0.314    -0.265     0.000
    1.0000     4.832    -0.210    -0.310    -0.260     0.000
    1.0000     4.828    -0.206    -0.305    -0.256     0.000
    1.0000     4.823    -0.202    -0.301    -0.252     0.000
    1.0000     4.819    -0.199    -0.297    -0.248     0.000
    1.0000     4.813    -0.194    -0.292    -0.243     0.000
    1.0000     4.808    -0.190    -0.287    -0.238     0.000
    1.0000     4.804    -0.185    -0.283    -0.234     0.000
    1.0000     4.799    -0.181    -0.279    -0.230     0.000
    1.0000     4.795    -0.177    -0.274    -0.225     0.000
    1.0000     4.792    -0.174    -0.271    -0.222     0.000
    1.0000     4.786    -0.168    -0.265    -0.216     0.000
    1.0000     4.782    -0.164    -0.261    -0.212     0.000
    1.0000     4.777    -0.160    -0.256    -0.207     0.000
    1.0000     4.773    -0.156    -0.253    -0.204     0.000
    1.0000     4.768    -0.154    -0.258    -0.202     0.000
    1.0000     4.765    -0.153    -0.326    -0.202     0.000
    1.0000     4.760    -0.150    -0.364    -0.211     0.000
    1.0000     4.755    -0.149    -0.473    -0.232     0.000
    1.0000     4.755    -0.149    -0.661    -0.274     0.000
    1.0000     4.753    -0.148    -0.856    -0.319     0.000
    1.0000     4.755    -0.149    -1.037    -0.366     0.000
    1.0000     4.756    -0.149    -1.169    -0.405     0.000
    1.0000     4.758    -0.150    -1.294    -0.444     0.000
    1.0000     4.759    -0.151    -1.415    -0.480     0.000
    1.0000     4.768    -0.155    -1.497    -0.518     0.000
    1.0000     4.772    -0.157    -1.520    -0.536     0.000
    1.0000     4.778    -0.162    -1.546    -0.571     0.000
    1.0000     4.783    -0.168    -1.828    -0.605     0.000
    1.0000     4.784    -0.169    -1.849    -0.616     0.000
    1.0000     4.785    -0.170    -1.861    -0.623     0.000
    1.0000     4.791    -0.177    -1.874    -0.637     0.000
    1.0000     4.792    -0.178    -1.872    -0.638     0.000
    1.0000     4.794    -0.180    -1.876    -0.640     0.000
    1.0000     4.795    -0.182    -1.878    -0.642     0.000
    1.0000     4.797    -0.184    -1.867    -0.626     0.000
    1.0000     4.799    -0.186    -1.853    -0.603     0.000
    1.0000     4.797    -0.185    -1.819    -0.566     0.000
    1.0000     4.794    -0.182    -1.730    -0.515     0.000
    1.0000     4.792    -0.181    -1.538    -0.456     0.000
    1.0000     4.788    -0.178    -1.371    -0.400     0.000
    1.0000     4.783    -0.173    -1.060    -0.331     0.000
    1.0000     4.779    -0.169    -0.656    -0.256     0.000
    1.0000     4.774    -0.164    -0.361    -0.217     0.000
    1.0000     4.768    -0.157    -0.262    -0.207     0.000
    1.0000     4.761    -0.153    -0.252    -0.202     0.000
    1.0000     4.755    -0.151    -0.249    -0.200     0.000
    1.0000     4.747    -0.147    -0.245    -0.196     0.000
    1.0000     4.740    -0.143    -0.241    -0.192     0.000
    1.0000     4.735    -0.141    -0.239    -0.190     0.000
    1.0000     4.728    -0.137    -0.235    -0.186     0.000
    1.0000     4.721    -0.133    -0.231    -0.182     0.000
    1.0000     4.714    -0.130    -0.227    -0.178     0.000
    1.0000     4.707    -0.126    -0.223    -0.174     0.000
    1.0000     4.701    -0.123    -0.220    -0.171     0.000
    1.0000     4.694    -0.119    -0.216    -0.167     0.000
    1.0000     4.688    -0.116    -0.212    -0.164     0.000
    1.0000     4.683    -0.113    -0.209    -0.160     0.000
    1.0000     4.678    -0.111    -0.207    -0.158     0.000
    1.0000     4.672    -0.109    -0.206    -0.157     0.000
    1.0000     4.666    -0.108    -0.204    -0.156     0.000
    1.0000     4.661    -0.107    -0.203    -0.154     0.000
    1.0000     4.655    -0.106    -0.202    -0.153     0.000
    1.0000     4.650    -0.105    -0.208    -0.152     0.000
    1.0000     4.645    -0.104    -0.266    -0.154     0.000
    1.0000     4.640    -0.104    -0.333    -0.166     0.000
    1.0000     4.636    -0.104    -0.417    -0.189     0.000
    1.0000     4.633    -0.104    -0.539    -0.219     0.000
    1.0000     4.633    -0.104    -0.671    -0.253     0.000
    1.0000     4.632    -0.105    -0.810    -0.292     0.000
    1.0000     4.632    -0.105    -0.952    -0.331     0.000
    1.0000     4.636    -0.105    -1.081    -0.368     0.000
    1.0000     4.639    -0.105    -1.204    -0.401     0.000
    1.0000     4.646    -0.105    -1.342    -0.438     0.000
    1.0000     4.651    -0.106    -1.441    -0.467     0.000
    1.0000     4.654    -0.107    -1.483    -0.488     0.000
    1.0000     4.658    -0.107    -1.503    -0.506     0.000
    1.0000     4.661    -0.108    -1.519    -0.522     0.000
    1.0000     4.658    -0.107    -1.532    -0.534     0.000
    1.0000     4.666    -0.109    -1.564    -0.550     0.000
    1.0000     4.671    -0.110    -1.791    -0.558     0.000
    1.0000     4.667    -0.109    -1.786    -0.555     0.000
    1.0000     4.673    -0.110    -1.779    -0.547     0.000
    1.0000     4.675    -0.111    -1.780    -0.537     0.000
    1.0000     4.673    -0.110    -1.756    -0.508     0.000
    1.0000     4.672    -0.110    -1.634    -0.460     0.000
    1.0000     4.668    -0.110    -1.458    -0.411     0.000
    1.0000     4.667    -0.110    -1.343    -0.370     0.000
    1.0000     4.665    -0.110    -1.099    -0.308     0.000
    1.0000     4.660    -0.110    -0.749    -0.234     0.000
    1.0000     4.656    -0.110    -0.499    -0.188     0.000
    1.0000     4.650    -0.110    -0.256    -0.161     0.000
    1.0000     4.644    -0.110    -0.210    -0.159     0.000
    1.0000     4.637    -0.110    -0.207    -0.158     0.000
    1.0000     4.630    -0.110    -0.207    -0.158     0.000
    1.0000     4.623    -0.110    -0.207    -0.158     0.000
    1.0000     4.616    -0.110    -0.207    -0.158     0.000
    1.0000     4.609    -0.110    -0.207    -0.158     0.000
    1.0000     4.603    -0.110    -0.206    -0.158     0.000
    1.0000     4.597    -0.110    -0.206    -0.157     0.000
    1.0000     4.591    -0.110    -0.206    -0.157     0.000
    1.0000     4.585    -0.110    -0.206    -0.157     0.000
    1.0000     4.579    -0.110    -0.206    -0.157     0.000
    1.0000     4.574    -0.110    -0.206    -0.157     0.000
    1.0000     4.569    -0.110    -0.205    -0.157     0.000
    1.0000     4.565    -0.110    -0.205    -0.156     0.000
    1.0000     4.561    -0.110    -0.205    -0.156     0.000
    1.0000     4.556    -0.109    -0.204    -0.156     0.000
    1.0000     4.552    -0.109    -0.204    -0.156     0.000
    1.0000     4.547    -0.109    -0.204    -0.156     0.000
    1.0000     4.543    -0.109    -0.204    -0.156     0.000
    1.0000     4.539    -0.109    -0.190    -0.156     0.000
    1.0000     4.536    -0.109    -0.193    -0.155     0.000
    1.0000     4.532    -0.109    -0.258    -0.165     0.000
    1.0000     4.529    -0.109    -0.341    -0.183     0.000
    1.0000     4.526    -0.109    -0.437    -0.208     0.000
    1.0000     4.525    -0.109    -0.570    -0.245     0.000
    1.0000     4.527    -0.109    -0.760    -0.287     0.000
    1.0000     4.529    -0.109    -0.906    -0.327     0.000
    1.0000     4.531    -0.109    -1.031    -0.363     0.000
    1.0000     4.536    -0.109    -1.171    -0.401     0.000
    1.0000     4.543    -0.110    -1.307    -0.439     0.000
    1.0000     4.547    -0.110    -1.410    -0.467     0.000
    1.0000     4.551    -0.110    -1.491    -0.489     0.000
    1.0000     4.555    -0.111    -1.510    -0.495     0.000
    1.0000     4.556    -0.111    -1.521    -0.503     0.000
    1.0000     4.559    -0.111    -1.545    -0.516     0.000
    1.0000     4.560    -0.112    -1.582    -0.526     0.000
    1.0000     4.564    -0.112    -1.696    -0.523     0.000
    1.0000     4.564    -0.112    -1.695    -0.507     0.000
    1.0000     4.568    -0.113    -1.742    -0.518     0.000
    1.0000     4.572    -0.113    -1.754    -0.515     0.000
    1.0000     4.572    -0.113    -1.713    -0.490     0.000
    1.0000     4.568    -0.114    -1.599    -0.451     0.000
    1.0000     4.568    -0.114    -1.406    -0.401     0.000
    1.0000     4.565    -0.114    -1.266    -0.364     0.000
    1.0000     4.564    -0.114    -1.021    -0.304     0.000
    1.0000     4.560    -0.114    -0.731    -0.242     0.000
    1.0000     4.556    -0.114    -0.573    -0.209     0.000
    1.0000     4.550    -0.114    -0.339    -0.170     0.000
    1.0000     4.544    -0.114    -0.223    -0.164     0.000
    1.0000     4.538    -0.114    -0.212    -0.163     0.000
    1.0000     4.533    -0.114    -0.211    -0.162     0.000
    1.0000     4.527    -0.114    -0.211    -0.162     0.000
    1.0000     4.522    -0.114    -0.211    -0.162     0.000
    1.0000     4.517    -0.114    -0.211    -0.162     0.000
    1.0000     4.513    -0.114    -0.211    -0.162     0.000
    1.0000     4.508    -0.114    -0.211    -0.162     0.000
    1.0000     4.505    -0.114    -0.210    -0.161     0.000
    1.0000     4.501    -0.114    -0.210    -0.161     0.000
    1.0000     4.498    -0.114    -0.210    -0.161     0.000
    1.0000     4.495    -0.114    -0.210    -0.161     0.000
    1.0000     4.491    -0.114    -0.210    -0.161     0.000
    1.0000     4.488    -0.114    -0.210    -0.161     0.000
    1.0000     4.485    -0.114    -0.210    -0.161     0.000
    1.0000     4.482    -0.114    -0.209    -0.161     0.000
    1.0000     4.480    -0.113    -0.209    -0.161     0.000
    1.0000     4.478    -0.113    -0.209    -0.161     0.000
    1.0000     4.475    -0.113    -0.209    -0.160     0.000
    1.0000     4.473    -0.113    -0.209    -0.160     0.000
    1.0000     4.471    -0.113    -0.228    -0.162     0.000
    1.0000     4.469    -0.113    -0.307    -0.172     0.000
    1.0000     4.467    -0.113    -0.395    -0.193     0.000
    1.0000     4.466    -0.113    -0.513    -0.225     0.000
    1.0000     4.465    -0.113    -0.633    -0.258     0.000
    1.0000     4.466    -0.113    -0.769    -0.297     0.000
    1.0000     4.467    -0.113    -0.936    -0.348     0.000
    1.0000     4.469    -0.113    -1.086    -0.393     0.000
    1.0000     4.472    -0.113    -1.209    -0.429     0.000
    1.0000     4.476    -0.114    -1.323    -0.464     0.000
    1.0000     4.478    -0.114    -1.420    -0.486     0.000
    1.0000     4.481    -0.114    -1.467    -0.498     0.000
    1.0000     4.483    -0.115    -1.488    -0.512     0.000
    1.0000     4.485    -0.115    -1.502    -0.523     0.000
    1.0000     4.485    -0.115    -1.511    -0.531     0.000
    1.0000     4.487    -0.116    -1.519    -0.537     0.000
    1.0000     4.491    -0.116    -1.521    -0.536     0.000
    1.0000     4.492    -0.116    -1.517    -0.525     0.000
    1.0000     4.494    -0.117    -1.510    -0.507     0.000
    1.0000     4.497    -0.117    -1.494    -0.485     0.000
    1.0000     4.497    -0.117    -1.452    -0.451     0.000
    1.0000     4.497    -0.117    -1.418    -0.430     0.000
    1.0000     4.494    -0.118    -1.345    -0.402     0.000
    1.0000     4.493    -0.118    -1.203    -0.361     0.000
    1.0000     4.491    -0.118    -1.026    -0.315     0.000
    1.0000     4.489    -0.118    -0.824    -0.264     0.000
    1.0000     4.487    -0.118    -0.565    -0.211     0.000
    1.0000     4.484    -0.118    -0.324    -0.173     0.000
    1.0000     4.480    -0.118    -0.224    -0.167     0.000
    1.0000     4.477    -0.118    -0.216    -0.166     0.000
    1.0000     4.474    -0.118    -0.215    -0.166     0.000
    1.0000     4.470    -0.118    -0.215    -0.166     0.000
    1.0000     4.468    -0.118    -0.215    -0.166     0.000
    1.0000     4.466    -0.118    -0.214    -0.165     0.000
    1.0000     4.463    -0.118    -0.214    -0.165     0.000
    1.0000     4.461    -0.118    -0.214    -0.165     0.000
    1.0000     4.459    -0.118    -0.214    -0.165     0.000
    1.0000     4.457    -0.118    -0.214    -0.165     0.000
    1.0000     4.455    -0.118    -0.213    -0.165     0.000
    1.0000     4.454    -0.118    -0.213    -0.164     0.000
    1.0000     4.452    -0.117    -0.213    -0.164     0.000
    1.0000     4.450    -0.117    -0.213    -0.164     0.000
    1.0000     4.448    -0.117    -0.213    -0.164     0.000
    1.0000     4.446    -0.117    -0.212    -0.164     0.000
    1.0000     4.444    -0.117    -0.212    -0.164     0.000
    1.0000     4.443    -0.117    -0.212    -0.164     0.000
    1.0000     4.441    -0.117    -0.213    -0.164     0.000
    1.0000     4.440    -0.117    -0.213    -0.164     0.000
    1.0000     4.439    -0.117    -0.239    -0.165     0.000
    1.0000     4.438    -0.117    -0.278    -0.174     0.000
    1.0000     4.437    -0.117    -0.346    -0.191     0.000
    1.0000     4.437    -0.117    -0.430    -0.212     0.000
    1.0000     4.437    -0.117    -0.583    -0.246     0.000
    1.0000     4.438    -0.117    -0.761    -0.289     0.000
    1.0000     4.438    -0.117    -0.923    -0.330     0.000
    1.0000     4.440    -0.117    -1.136    -0.383     0.000
    1.0000     4.443    -0.117    -1.382    -0.441     0.000
    1.0000     4.447    -0.117    -1.504    -0.493     0.000
    1.0000     4.449    -0.118    -1.531    -0.539     0.000
    1.0000     4.451    -0.118    -1.747    -0.569     0.000
    1.0000     4.454    -0.118    -1.824    -0.593     0.000
    1.0000     4.456    -0.119    -1.818    -0.610     0.000
    1.0000     4.458    -0.119    -1.812    -0.625     0.000
    1.0000     4.459    -0.120    -1.810    -0.632     0.000
    1.0000     4.461    -0.120    -1.800    -0.642     0.000
    1.0000     4.463    -0.120    -1.810    -0.645     0.000
    1.0000     4.466    -0.121    -1.833    -0.635     0.000
    1.0000     4.469    -0.121    -1.832    -0.623     0.000
    1.0000     4.469    -0.122    -1.841    -0.596     0.000
    1.0000     4.469    -0.122    -1.842    -0.555     0.000
    1.0000     4.467    -0.122    -1.704    -0.470     0.000
    1.0000     4.467    -0.123    -1.498    -0.398     0.000
    1.0000     4.465    -0.123    -1.164    -0.316     0.000
    1.0000     4.464    -0.123    -0.883    -0.257     0.000
    1.0000     4.463    -0.124    -0.559    -0.204     0.000
    1.0000     4.461    -0.124    -0.312    -0.176     0.000
    1.0000     4.459    -0.124    -0.230    -0.173     0.000
    1.0000     4.456    -0.124    -0.225    -0.174     0.000
    1.0000     4.453    -0.124    -0.223    -0.174     0.000
    1.0000     4.451    -0.124    -0.224    -0.174     0.000
    1.0000     4.449    -0.124    -0.223    -0.174     0.000
    1.0000     4.447    -0.123    -0.223    -0.174     0.000
    1.0000     4.445    -0.123    -0.222    -0.173     0.000
    1.0000     4.443    -0.123    -0.221    -0.172     0.000
    1.0000     4.442    -0.123    -0.221    -0.172     0.000
    1.0000     4.440    -0.123    -0.221    -0.172     0.000
    1.0000     4.439    -0.123    -0.221    -0.172     0.000
    1.0000     4.437    -0.123    -0.221    -0.172     0.000
    1.0000     4.436    -0.123    -0.221    -0.172     0.000
    1.0000     4.434    -0.123    -0.220    -0.171     0.000
    1.0000     4.433    -0.123    -0.219    -0.170     0.000
    1.0000     4.432    -0.123    -0.219    -0.170     0.000
    1.0000     4.430    -0.123    -0.220    -0.171     0.000
    1.0000     4.429    -0.123    -0.220    -0.171     0.000
    1.0000     4.428    -0.123    -0.220    -0.171     0.000
    1.0000     4.427    -0.123    -0.238    -0.171     0.000
    1.0000     4.426    -0.123    -0.356    -0.174     0.000
    1.0000     4.425    -0.122    -0.400    -0.190     0.000
    1.0000     4.424    -0.122    -0.431    -0.208     0.000
    1.0000     4.424    -0.123    -0.626    -0.254     0.000
    1.0000     4.424    -0.123    -0.741    -0.289     0.000
    1.0000     4.424    -0.123    -0.963    -0.339     0.000
    1.0000     4.426    -0.123    -1.244    -0.401     0.000
    1.0000     4.426    -0.123    -1.456    -0.459     0.000
    1.0000     4.429    -0.124    -1.527    -0.515     0.000
    1.0000     4.432    -0.124    -1.619    -0.563     0.000
    1.0000     4.434    -0.124    -1.837    -0.596     0.000
    1.0000     4.436    -0.125    -1.851    -0.616     0.000
    1.0000     4.437    -0.125    -1.871    -0.626     0.000
    1.0000     4.438    -0.125    -1.881    -0.620     0.000
    1.0000     4.439    -0.126    -1.867    -0.614     0.000
    1.0000     4.440    -0.126    -1.786    -0.568     0.000
    1.0000     4.442    -0.126    -1.694    -0.473     0.000
    1.0000     4.443    -0.127    -1.826    -0.584     0.000
    1.0000     4.446    -0.127    -1.806    -0.599     0.000
    1.0000     4.447    -0.127    -1.812    -0.591     0.000
    1.0000     4.447    -0.128    -1.836    -0.572     0.000
    1.0000     4.447    -0.128    -1.803    -0.529     0.000
    1.0000     4.447    -0.128    -1.629    -0.462     0.000
    1.0000     4.446    -0.129    -1.393    -0.386     0.000
    1.0000     4.446    -0.129    -1.100    -0.317     0.000
    1.0000     4.445    -0.129    -0.860    -0.263     0.000
    1.0000     4.444    -0.130    -0.595    -0.213     0.000
    1.0000     4.442    -0.130    -0.343    -0.184     0.000
    1.0000     4.440    -0.130    -0.236    -0.180     0.000
    1.0000     4.438    -0.130    -0.229    -0.180     0.000
    1.0000     4.436    -0.130    -0.228    -0.179     0.000
    1.0000     4.434    -0.129    -0.228    -0.179     0.000
    1.0000     4.432    -0.129    -0.227    -0.178     0.000
    1.0000     4.430    -0.129    -0.227    -0.178     0.000
    1.0000     4.429    -0.129    -0.227    -0.178     0.000
    1.0000     4.427    -0.129    -0.226    -0.177     0.000
    1.0000     4.425    -0.129    -0.226    -0.177     0.000
    1.0000     4.424    -0.129    -0.226    -0.177     0.000
    1.0000     4.423    -0.129    -0.226    -0.177     0.000
    1.0000     4.421    -0.129    -0.226    -0.177     0.000
    1.0000     4.420    -0.129    -0.225    -0.177     0.000
    1.0000     4.419    -0.129    -0.225    -0.176     0.000
    1.0000     4.418    -0.129    -0.225    -0.176     0.000
    1.0000     4.418    -0.129    -0.225    -0.176     0.000
    1.0000     4.417    -0.129    -0.225    -0.176     0.000
    1.0000     4.416    -0.129    -0.225    -0.176     0.000
    1.0000     4.415    -0.128    -0.225    -0.176     0.000
    1.0000     4.415    -0.128    -0.237    -0.176     0.000
    1.0000     4.414    -0.128    -0.302    -0.178     0.000
    1.0000     4.413    -0.128    -0.273    -0.188     0.000
    1.0000     4.413    -0.128    -0.385    -0.208     0.000
    1.0000     4.412    -0.128    -0.510    -0.238     0.000
    1.0000     4.412    -0.128    -0.640    -0.270     0.000
    1.0000     4.412    -0.128    -0.778    -0.306     0.000
    1.0000     4.413    -0.128    -0.945    -0.349     0.000
    1.0000     4.414    -0.129    -1.136    -0.397     0.000
    1.0000     4.415    -0.129    -1.308    -0.441     0.000
    1.0000     4.417    -0.129    -1.436    -0.477     0.000
    1.0000     4.416    -0.130    -1.492    -0.507     0.000
    1.0000     4.416    -0.130    -1.513    -0.531     0.000
    1.0000     4.417    -0.130    -1.517    -0.537     0.000
    1.0000     4.418    -0.131    -1.533    -0.553     0.000
    1.0000     4.418    -0.131    -1.537    -0.571     0.000
    1.0000     4.419    -0.131    -1.769    -0.571     0.000
    1.0000     4.420    -0.132    -1.807    -0.580     0.000
    1.0000     4.421    -0.132    -1.829    -0.592     0.000
    1.0000     4.422    -0.133    -1.834    -0.589     0.000
    1.0000     4.423    -0.133    -1.834    -0.578     0.000
    1.0000     4.423    -0.134    -1.821    -0.554     0.000
    1.0000     4.423    -0.134    -1.790    -0.521     0.000
    1.0000     4.422    -0.134    -1.688    -0.474     0.000
    1.0000     4.422    -0.135    -1.398    -0.406     0.000
    1.0000     4.421    -0.135    -1.144    -0.345     0.000
    1.0000     4.420    -0.135    -0.879    -0.285     0.000
    1.0000     4.419    -0.135    -0.585    -0.229     0.000
    1.0000     4.417    -0.135    -0.348    -0.190     0.000
    1.0000     4.416    -0.135    -0.242    -0.184     0.000
    1.0000     4.414    -0.135    -0.233    -0.184     0.000
    1.0000     4.413    -0.135    -0.232    -0.183     0.000
    1.0000     4.412    -0.135    -0.232    -0.183     0.000
    1.0000     4.411    -0.135    -0.232    -0.183     0.000
    1.0000     4.410    -0.135    -0.231    -0.183     0.000
    1.0000     4.409    -0.135    -0.231    -0.182     0.000
    1.0000     4.408    -0.135    -0.231    -0.182     0.000
    1.0000     4.408    -0.135    -0.231    -0.182     0.000
    1.0000     4.407    -0.134    -0.231    -0.182     0.000
    1.0000     4.406    -0.134    -0.231    -0.182     0.000
    1.0000     4.406    -0.134    -0.230    -0.182     0.000
    1.0000     4.405    -0.134    -0.230    -0.181     0.000
    1.0000     4.405    -0.134    -0.230    -0.181     0.000
    1.0000     4.404    -0.134    -0.229    -0.181     0.000
    1.0000     4.404    -0.134    -0.229    -0.180     0.000
    1.0000     4.403    -0.134    -0.229    -0.180     0.000
    1.0000     4.403    -0.134    -0.229    -0.180     0.000
    1.0000     4.402    -0.134    -0.229    -0.180     0.000
    1.0000     4.402    -0.133    -0.216    -0.180     0.000
    1.0000     4.402    -0.133    -0.226    -0.180     0.000
    1.0000     4.401    -0.133    -0.270    -0.190     0.000
    1.0000     4.401    -0.133    -0.372    -0.210     0.000
    1.0000     4.401    -0.133    -0.465    -0.235     0.000
    1.0000     4.401    -0.133    -0.577    -0.263     0.000
    1.0000     4.401    -0.133    -0.699    -0.292     0.000
    1.0000     4.401    -0.133    -0.831    -0.332     0.000
    1.0000     4.402    -0.133    -0.950    -0.362     0.000
    1.0000     4.403    -0.134    -1.049    -0.391     0.000
    1.0000     4.404    -0.134    -1.172    -0.434     0.000
    1.0000     4.405    -0.134    -1.310    -0.475     0.000
    1.0000     4.405    -0.134    -1.435    -0.504     0.000
    1.0000     4.405    -0.135    -1.500    -0.531     0.000
    1.0000     4.406    -0.135    -1.526    -0.551     0.000
    1.0000     4.406    -0.135    -1.536    -0.573     0.000
    1.0000     4.407    -0.136    -1.538    -0.588     0.000
    1.0000     4.408    -0.136    -1.541    -0.589     0.000
    1.0000     4.408    -0.137    -1.540    -0.582     0.000
    1.0000     4.409    -0.137    -1.540    -0.570     0.000
    1.0000     4.410    -0.137    -1.541    -0.553     0.000
    1.0000     4.410    -0.138    -1.538    -0.530     0.000
    1.0000     4.410    -0.138    -1.535    -0.499     0.000
    1.0000     4.410    -0.138    -1.498    -0.453     0.000
    1.0000     4.410    -0.139    -1.456    -0.415     0.000
    1.0000     4.410    -0.139    -1.302    -0.364     0.000
    1.0000     4.409    -0.139    -1.017    -0.301     0.000
    1.0000     4.409    -0.139    -0.683    -0.237     0.000
    1.0000     4.408    -0.139    -0.379    -0.195     0.000
    1.0000     4.407    -0.139    -0.248    -0.190     0.000
    1.0000     4.406    -0.139    -0.238    -0.189     0.000
    1.0000     4.405    -0.139    -0.237    -0.188     0.000
    1.0000     4.404    -0.139    -0.237    -0.188     0.000
    1.0000     4.404    -0.139    -0.237    -0.188     0.000
    1.0000     4.403    -0.139    -0.236    -0.187     0.000
    1.0000     4.402    -0.139    -0.236    -0.187     0.000
    1.0000     4.402    -0.139    -0.236    -0.187     0.000
    1.0000     4.401    -0.139    -0.236    -0.187     0.000
    1.0000     4.401    -0.139    -0.236    -0.187     0.000
    1.0000     4.400    -0.139    -0.235    -0.186     0.000
    1.0000     4.400    -0.139    -0.235    -0.186     0.000
    1.0000     4.399    -0.138    -0.235    -0.186     0.000
    1.0000     4.399    -0.138    -0.234    -0.186     0.000
    1.0000     4.398    -0.138    -0.234    -0.185     0.000
    1.0000     4.398    -0.138    -0.234    -0.185     0.000
    1.0000     4.398    -0.138    -0.234    -0.185     0.000
    1.0000     4.397    -0.138    -0.234    -0.185     0.000
    1.0000     4.397    -0.138    -0.234    -0.185     0.000
    1.0000     4.397    -0.138    -0.235    -0.185     0.000
    1.0000     4.397    -0.138    -0.261    -0.187     0.000
    1.0000     4.396    -0.137    -0.286    -0.197     0.000
    1.0000     4.396    -0.137    -0.394    -0.215     0.000
    1.0000     4.396    -0.137    -0.504    -0.241     0.000
    1.0000     4.396    -0.137    -0.632    -0.274     0.000
    1.0000     4.396    -0.137    -0.732    -0.304     0.000
    1.0000     4.396    -0.138    -0.868    -0.342     0.000
    1.0000     4.397    -0.138    -1.005    -0.383     0.000
    1.0000     4.397    -0.138    -1.151    -0.428     0.000
    1.0000     4.398    -0.138    -1.296    -0.471     0.000
    1.0000     4.399    -0.139    -1.416    -0.503     0.000
    1.0000     4.399    -0.139    -1.484    -0.532     0.000
    1.0000     4.399    -0.139    -1.507    -0.546     0.000
    1.0000     4.400    -0.140    -1.527    -0.565     0.000
    1.0000     4.400    -0.140    -1.542    -0.583     0.000
    1.0000     4.400    -0.141    -1.550    -0.598     0.000
    1.0000     4.401    -0.141    -1.782    -0.600     0.000
    1.0000     4.401    -0.142    -1.790    -0.590     0.000
    1.0000     4.402    -0.142    -1.775    -0.576     0.000
    1.0000     4.402    -0.142    -1.753    -0.558     0.000
    1.0000     4.403    -0.143    -1.728    -0.535     0.000
    1.0000     4.402    -0.143    -1.688    -0.503     0.000
    1.0000     4.402    -0.144    -1.545    -0.461     0.000
    1.0000     4.402    -0.144    -1.387    -0.409     0.000
    1.0000     4.402    -0.144    -1.190    -0.354     0.000
    1.0000     4.401    -0.144    -0.934    -0.298     0.000
    1.0000     4.401    -0.145    -0.634    -0.239     0.000
    1.0000     4.400    -0.145    -0.370    -0.200     0.000
    1.0000     4.400    -0.145    -0.252    -0.194     0.000
    1.0000     4.399    -0.144    -0.243    -0.194     0.000
    1.0000     4.399    -0.144    -0.242    -0.193     0.000
    1.0000     4.398    -0.144    -0.242    -0.193     0.000
    1.0000     4.398    -0.144    -0.242    -0.193     0.000
    1.0000     4.397    -0.144    -0.241    -0.192     0.000
    1.0000     4.397    -0.144    -0.241    -0.192     0.000
    1.0000     4.397    -0.144    -0.241    -0.192     0.000
    1.0000     4.396    -0.144    -0.241    -0.192     0.000
    1.0000     4.396    -0.144    -0.241    -0.192     0.000
    1.0000     4.396    -0.144    -0.240    -0.191     0.000
    1.0000     4.395    -0.144    -0.240    -0.191     0.000
    1.0000     4.395    -0.144    -0.240    -0.191     0.000
    1.0000     4.395    -0.143    -0.239    -0.191     0.000
    1.0000     4.395    -0.143    -0.239    -0.190     0.000
    1.0000     4.394    -0.143    -0.239    -0.190     0.000
    1.0000     4.394    -0.143    -0.239    -0.190     0.000
    1.0000     4.394    -0.143    -0.238    -0.190     0.000
    1.0000     4.394    -0.143    -0.238    -0.190     0.000
    1.0000     4.394    -0.143    -0.234    -0.189     0.000
    1.0000     4.393    -0.143    -0.280    -0.192     0.000
    1.0000     4.393    -0.143    -0.350    -0.205     0.000
    1.0000     4.393    -0.142    -0.418    -0.221     0.000
    1.0000     4.393    -0.142    -0.492    -0.242     0.000
    1.0000     4.393    -0.142    -0.644    -0.283     0.000
    1.0000     4.393    -0.143    -0.784    -0.319     0.000
    1.0000     4.393    -0.143    -0.974    -0.369     0.000
    1.0000     4.394    -0.143    -1.116    -0.408     0.000
    1.0000     4.394    -0.143    -1.233    -0.443     0.000
    1.0000     4.395    -0.143    -1.374    -0.483     0.000
    1.0000     4.395    -0.144    -1.472    -0.521     0.000
    1.0000     4.395    -0.144    -1.510    -0.550     0.000
    1.0000     4.395    -0.145    -1.522    -0.560     0.000
    1.0000     4.396    -0.145    -1.544    -0.589     0.000
    1.0000     4.396    -0.145    -1.773    -0.604     0.000
    1.0000     4.396    -0.146    -1.790    -0.604     0.000
    1.0000     4.396    -0.146    -1.773    -0.587     0.000
    1.0000     4.397    -0.147    -1.742    -0.568     0.000
    1.0000     4.397    -0.147    -1.746    -0.560     0.000
    1.0000     4.397    -0.148    -1.737    -0.534     0.000
    1.0000     4.397    -0.148    -1.695    -0.515     0.000
    1.0000     4.397    -0.148    -1.517    -0.469     0.000
    1.0000     4.397    -0.149    -1.453    -0.437     0.000
    1.0000     4.397    -0.149    -1.426    -0.420     0.000
    1.0000     4.397    -0.149    -1.313    -0.379     0.000
    1.0000     4.396    -0.150    -1.054    -0.320     0.000
    1.0000     4.396    -0.150    -0.687    -0.249     0.000
    1.0000     4.396    -0.150    -0.376    -0.206     0.000
    1.0000     4.395    -0.150    -0.257    -0.200     0.000
    1.0000     4.395    -0.150    -0.249    -0.199     0.000
    1.0000     4.395    -0.150    -0.248    -0.199     0.000
    1.0000     4.394    -0.150    -0.248    -0.198     0.000
    1.0000     4.394    -0.149    -0.247    -0.198     0.000
    1.0000     4.393    -0.149    -0.247    -0.198     0.000
    1.0000     4.393    -0.149    -0.247    -0.198     0.000
    1.0000     4.393    -0.149    -0.247    -0.197     0.000
    1.0000     4.393    -0.149    -0.246    -0.197     0.000
    1.0000     4.393    -0.149    -0.246    -0.197     0.000
    1.0000     4.393    -0.149    -0.246    -0.197     0.000
    1.0000     4.392    -0.149    -0.246    -0.197     0.000
    1.0000     4.392    -0.149    -0.246    -0.197     0.000
    1.0000     4.392    -0.149    -0.245    -0.196     0.000
    1.0000     4.392    -0.148    -0.245    -0.196     0.000
    1.0000     4.392    -0.148    -0.245    -0.196     0.000
    1.0000     4.392    -0.148    -0.244    -0.195     0.000
    1.0000     4.392    -0.148    -0.244    -0.195     0.000
    1.0000     4.391    -0.148    -0.244    -0.195     0.000
    1.0000     4.391    -0.148    -0.254    -0.195     0.000
    1.0000     4.391    -0.148    -0.302    -0.198     0.000
    1.0000     4.391    -0.148    -0.331    -0.210     0.000
    1.0000     4.391    -0.148    -0.465    -0.236     0.000
    1.0000     4.391    -0.148    -0.613    -0.270     0.000
    1.0000     4.391    -0.148    -0.799    -0.312     0.000
    1.0000     4.391    -0.148    -0.972    -0.357     0.000
    1.0000     4.391    -0.148    -1.116    -0.398     0.000
    1.0000     4.391    -0.148    -1.246    -0.441     0.000
    1.0000     4.392    -0.149    -1.352    -0.480     0.000
    1.0000     4.392    -0.149    -1.483    -0.514     0.000
    1.0000     4.392    -0.149    -1.522    -0.549     0.000
    1.0000     4.392    -0.150    -1.541    -0.576     0.000
    1.0000     4.393    -0.150    -1.550    -0.596     0.000
    1.0000     4.393    -0.151    -1.760    -0.605     0.000
    1.0000     4.393    -0.151    -1.788    -0.613     0.000
    1.0000     4.393    -0.152    -1.732    -0.602     0.000
    1.0000     4.393    -0.152    -1.726    -0.599     0.000
    1.0000     4.393    -0.153    -1.761    -0.604     0.000
    1.0000     4.394    -0.153    -1.779    -0.601     0.000
    1.0000     4.394    -0.154    -1.761    -0.569     0.000
    1.0000     4.394    -0.154    -1.734    -0.536     0.000
    1.0000     4.394    -0.155    -1.657    -0.501     0.000
    1.0000     4.393    -0.155    -1.463    -0.446     0.000
    1.0000     4.393    -0.155    -1.342    -0.398     0.000
    1.0000     4.393    -0.156    -1.065    -0.331     0.000
    1.0000     4.393    -0.156    -0.808    -0.279     0.000
    1.0000     4.393    -0.156    -0.587    -0.237     0.000
    1.0000     4.393    -0.156    -0.376    -0.210     0.000
    1.0000     4.392    -0.156    -0.263    -0.206     0.000
    1.0000     4.392    -0.156    -0.255    -0.205     0.000
    1.0000     4.392    -0.156    -0.254    -0.205     0.000
    1.0000     4.392    -0.156    -0.254    -0.205     0.000
    1.0000     4.391    -0.156    -0.253    -0.204     0.000
    1.0000     4.391    -0.156    -0.253    -0.204     0.000
    1.0000     4.391    -0.155    -0.253    -0.204     0.000
    1.0000     4.391    -0.155    -0.253    -0.204     0.000
    1.0000     4.391    -0.155    -0.253    -0.204     0.000
    1.0000     4.390    -0.155    -0.252    -0.203     0.000
    1.0000     4.390    -0.155    -0.252    -0.203     0.000
    1.0000     4.390    -0.155    -0.252    -0.203     0.000
    1.0000     4.390    -0.155    -0.252    -0.203     0.000
    1.0000     4.390    -0.155    -0.252    -0.203     0.000
    1.0000     4.390    -0.155    -0.252    -0.203     0.000
    1.0000     4.390    -0.154    -0.251    -0.202     0.000
    1.0000     4.390    -0.154    -0.251    -0.202     0.000
    1.0000     4.390    -0.154    -0.251    -0.202     0.000
    1.0000     4.390    -0.154    -0.251    -0.202     0.000
    1.0000     4.390    -0.154    -0.266    -0.202     0.000
    1.0000     4.390    -0.154    -0.341    -0.204     0.000
    1.0000     4.390    -0.154    -0.365    -0.214     0.000
    1.0000     4.390    -0.154    -0.463    -0.232     0.000
    1.0000     4.389    -0.154    -0.597    -0.263     0.000
    1.0000     4.389    -0.154    -0.770    -0.309     0.000
    1.0000     4.390    -0.154    -0.944    -0.356     0.000
    1.0000     4.390    -0.154    -1.094    -0.404     0.000
    1.0000     4.390    -0.154    -1.267    -0.456     0.000
    1.0000     4.390    -0.155    -1.419    -0.498     0.000
    1.0000     4.390    -0.155    -1.507    -0.540     0.000
    1.0000     4.390    -0.156    -1.530    -0.571     0.000
    1.0000     4.390    -0.156    -1.547    -0.593     0.000
    1.0000     4.390    -0.157    -1.556    -0.597     0.000
    1.0000     4.390    -0.157    -1.792    -0.622     0.000
    1.0000     4.390    -0.158    -1.822    -0.637     0.000
    1.0000     4.390    -0.158    -1.832    -0.641     0.000
    1.0000     4.391    -0.158    -1.855    -0.652     0.000
    1.0000     4.391    -0.159    -1.855    -0.649     0.000
    1.0000     4.391    -0.159    -1.846    -0.637     0.000
    1.0000     4.391    -0.160    -1.834    -0.621     0.000
    1.0000     4.391    -0.160    -1.818    -0.597     0.000
    1.0000     4.391    -0.161    -1.771    -0.559     0.000
    1.0000     4.390    -0.161    -1.586    -0.494     0.000
    1.0000     4.390    -0.162    -1.521    -0.461     0.000
    1.0000     4.390    -0.162    -1.499    -0.430     0.000
    1.0000     4.390    -0.163    -1.250    -0.350     0.000
    1.0000     4.390    -0.163    -0.741    -0.257     0.000
    1.0000     4.390    -0.163    -0.405    -0.220     0.000
    1.0000     4.390    -0.163    -0.273    -0.215     0.000
    1.0000     4.389    -0.163    -0.264    -0.214     0.000
    1.0000     4.389    -0.163    -0.262    -0.213     0.000
    1.0000     4.389    -0.163    -0.261    -0.212     0.000
    1.0000     4.389    -0.163    -0.261    -0.212     0.000
    1.0000     4.389    -0.163    -0.260    -0.211     0.000
    1.0000     4.389    -0.163    -0.260    -0.211     0.000
    1.0000     4.389    -0.162    -0.260    -0.211     0.000
    1.0000     4.389    -0.162    -0.260    -0.211     0.000
    1.0000     4.389    -0.162    -0.261    -0.211     0.000
    1.0000     4.388    -0.162    -0.261    -0.212     0.000
    1.0000     4.388    -0.162    -0.261    -0.211     0.000
    1.0000     4.388    -0.162    -0.260    -0.211     0.000
    1.0000     4.388    -0.162    -0.259    -0.210     0.000
    1.0000     4.388    -0.162    -0.258    -0.210     0.000
    1.0000     4.388    -0.162    -0.258    -0.209     0.000
    1.0000     4.388    -0.161    -0.258    -0.209     0.000
    1.0000     4.388    -0.161    -0.257    -0.208     0.000
    1.0000     4.388    -0.161    -0.257    -0.208     0.000
    1.0000     4.388    -0.161    -0.305    -0.209     0.000
    1.0000     4.388    -0.161    -0.562    -0.219     0.000
    1.0000     4.388    -0.161    -0.735    -0.257     0.000
    1.0000     4.388    -0.161    -1.026    -0.318     0.000
    1.0000     4.388    -0.161    -1.252    -0.377     0.000
    1.0000     4.388    -0.161    -1.408    -0.426     0.000
    1.0000     4.388    -0.162    -1.484    -0.473     0.000
    1.0000     4.388    -0.162    -1.523    -0.520     0.000
    1.0000     4.388    -0.163    -1.599    -0.564     0.000
    1.0000     4.388    -0.163    -1.795    -0.607     0.000
    1.0000     4.388    -0.163    -1.781    -0.639     0.000
    1.0000     4.388    -0.164    -1.752    -0.663     0.000
    1.0000     4.388    -0.165    -1.662    -0.689     0.000
    1.0000     4.388    -0.165    -1.630    -0.704     0.000
    1.0000     4.388    -0.166    -1.675    -0.713     0.000
    1.0000     4.388    -0.167    -1.643    -0.717     0.000
    1.0000     4.388    -0.167    -1.625    -0.723     0.000
    1.0000     4.388    -0.168    -1.673    -0.725     0.000
    1.0000     4.388    -0.168    -1.664    -0.726     0.000
    1.0000     4.388    -0.169    -1.642    -0.721     0.000
    1.0000     4.388    -0.170    -1.636    -0.707     0.000
    1.0000     4.388    -0.171    -1.701    -0.684     0.000
    1.0000     4.388    -0.171    -1.670    -0.653     0.000
    1.0000     4.388    -0.172    -1.718    -0.614     0.000
    1.0000     4.388    -0.173    -1.777    -0.563     0.000
    1.0000     4.388    -0.173    -1.795    -0.507     0.000
    1.0000     4.388    -0.174    -1.612    -0.423     0.000
    1.0000     4.387    -0.174    -1.144    -0.323     0.000
    1.0000     4.387    -0.174    -0.604    -0.243     0.000
    1.0000     4.387    -0.174    -0.302    -0.229     0.000
    1.0000     4.387    -0.174    -0.278    -0.228     0.000
    1.0000     4.387    -0.174    -0.277    -0.227     0.000
    1.0000     4.387    -0.174    -0.276    -0.226     0.000
    1.0000     4.387    -0.174    -0.277    -0.227     0.000
    1.0000     4.387    -0.174    -0.277    -0.227     0.000
    1.0000     4.387    -0.174    -0.277    -0.227     0.000
    1.0000     4.387    -0.174    -0.277    -0.227     0.000
    1.0000     4.387    -0.174    -0.277    -0.227     0.000
    1.0000     4.387    -0.174    -0.277    -0.227     0.000
    1.0000     4.387    -0.174    -0.276    -0.227     0.000
    1.0000     4.387    -0.174    -0.276    -0.226     0.000
    1.0000     4.387    -0.173    -0.276    -0.226     0.000
    1.0000     4.387    -0.173    -0.275    -0.226     0.000
    1.0000     4.387    -0.173    -0.275    -0.225     0.000
    1.0000     4.387    -0.173    -0.274    -0.225     0.000
    1.0000     4.387    -0.173    -0.274    -0.225     0.000
    1.0000     4.387    -0.173    -0.274    -0.224     0.000
    1.0000     4.387    -0.173    -0.274    -0.224     0.000
    1.0000     4.387    -0.173    -0.344    -0.224     0.000
    1.0000     4.387    -0.173    -0.727    -0.234     0.000
    1.0000     4.386    -0.173    -0.917    -0.284     0.000
    1.0000     4.386    -0.173    -1.112    -0.341     0.000
    1.0000     4.386    -0.173    -1.271    -0.392     0.000
    1.0000     4.386    -0.174    -1.402    -0.437     0.000
    1.0000     4.386    -0.174    -1.476    -0.480     0.000
    1.0000     4.386    -0.174    -1.511    -0.520     0.000
    1.0000     4.386    -0.175    -1.541    -0.561     0.000
    1.0000     4.386    -0.175    -1.793    -0.600     0.000
    1.0000     4.386    -0.176    -1.791    -0.635     0.000
    1.0000     4.386    -0.177    -1.772    -0.670     0.000
    1.0000     4.386    -0.177    -1.716    -0.695     0.000
    1.0000     4.386    -0.178    -1.669    -0.708     0.000
    1.0000     4.386    -0.179    -1.642    -0.715     0.000
    1.0000     4.386    -0.180    -1.730    -0.726     0.000
    1.0000     4.386    -0.180    -1.725    -0.732     0.000
    1.0000     4.386    -0.181    -1.727    -0.739     0.000
    1.0000     4.386    -0.182    -1.734    -0.740     0.000
    1.0000     4.386    -0.183    -1.744    -0.735     0.000
    1.0000     4.386    -0.183    -1.786    -0.724     0.000
    1.0000     4.386    -0.184    -1.804    -0.701     0.000
    1.0000     4.386    -0.185    -1.795    -0.671     0.000
    1.0000     4.386    -0.186    -1.709    -0.632     0.000
    1.0000     4.385    -0.186    -1.753    -0.579     0.000
    1.0000     4.385    -0.187    -1.789    -0.516     0.000
    1.0000     4.385    -0.188    -1.585    -0.433     0.000
    1.0000     4.385    -0.188    -1.146    -0.334     0.000
    1.0000     4.385    -0.188    -0.630    -0.257     0.000
    1.0000     4.385    -0.188    -0.319    -0.243     0.000
    1.0000     4.385    -0.188    -0.293    -0.242     0.000
    1.0000     4.385    -0.188    -0.292    -0.242     0.000
    1.0000     4.385    -0.188    -0.292    -0.242     0.000
    1.0000     4.385    -0.188    -0.291    -0.241     0.000
    1.0000     4.385    -0.188    -0.291    -0.241     0.000
    1.0000     4.385    -0.188    -0.290    -0.240     0.000
    1.0000     4.385    -0.188    -0.289    -0.240     0.000
    1.0000     4.385    -0.188    -0.289    -0.239     0.000
    1.0000     4.385    -0.188    -0.289    -0.239     0.000
    1.0000     4.385    -0.187    -0.288    -0.239     0.000
    1.0000     4.385    -0.187    -0.288    -0.239     0.000
    1.0000     4.385    -0.187    -0.288    -0.238     0.000
    1.0000     4.385    -0.187    -0.288    -0.238     0.000
    1.0000     4.385    -0.187    -0.288    -0.238     0.000
    1.0000     4.385    -0.187    -0.287    -0.238     0.000
    1.0000     4.385    -0.187    -0.287    -0.238     0.000
    1.0000     4.385    -0.187    -0.287    -0.238     0.000
    1.0000     4.385    -0.187    -0.287    -0.237     0.000
    1.0000     4.385    -0.186    -0.352    -0.237     0.000
    1.0000     4.385    -0.186    -0.619    -0.239     0.000
    1.0000     4.385    -0.186    -0.649    -0.263     0.000
    1.0000     4.385    -0.187    -0.770    -0.289     0.000
    1.0000     4.385    -0.187    -0.932    -0.323     0.000
    1.0000     4.385    -0.187    -1.287    -0.403     0.000
    1.0000     4.385    -0.187    -1.501    -0.491     0.000
    1.0000     4.385    -0.188    -1.534    -0.559     0.000
    1.0000     4.385    -0.188    -1.783    -0.609     0.000
    1.0000     4.384    -0.189    -1.768    -0.651     0.000
    1.0000     4.384    -0.190    -1.716    -0.685     0.000
    1.0000     4.384    -0.190    -1.658    -0.718     0.000
    1.0000     4.384    -0.191    -1.672    -0.727     0.000
    1.0000     4.384    -0.192    -1.662    -0.727     0.000
    1.0000     4.384    -0.192    -1.609    -0.733     0.000
    1.0000     4.384    -0.193    -1.637    -0.735     0.000
    1.0000     4.384    -0.194    -1.716    -0.738     0.000
    1.0000     4.384    -0.194    -1.776    -0.737     0.000
    1.0000     4.384    -0.195    -1.830    -0.732     0.000
    1.0000     4.384    -0.196    -1.896    -0.719     0.000
    1.0000     4.384    -0.197    -1.900    -0.709     0.000
    1.0000     4.384    -0.197    -1.938    -0.688     0.000
    1.0000     4.384    -0.198    -1.924    -0.651     0.000
    1.0000     4.383    -0.199    -1.769    -0.579     0.000
    1.0000     4.383    -0.199    -1.326    -0.462     0.000
    1.0000     4.383    -0.200    -1.111    -0.394     0.000
    1.0000     4.383    -0.200    -0.812    -0.334     0.000
    1.0000     4.383    -0.201    -0.562    -0.282     0.000
    1.0000     4.383    -0.201    -0.427    -0.254     0.000
    1.0000     4.383    -0.201    -0.311    -0.251     0.000
    1.0000     4.383    -0.201    -0.302    -0.251     0.000
    1.0000     4.383    -0.200    -0.302    -0.252     0.000
    1.0000     4.383    -0.200    -0.301    -0.252     0.000
    1.0000     4.383    -0.200    -0.301    -0.251     0.000
    1.0000     4.383    -0.200    -0.300    -0.251     0.000
    1.0000     4.383    -0.200    -0.299    -0.250     0.000
    1.0000     4.383    -0.200    -0.299    -0.250     0.000
    1.0000     4.383    -0.200    -0.299    -0.250     0.000
    1.0000     4.383    -0.200    -0.299    -0.249     0.000
    1.0000     4.383    -0.200    -0.298    -0.249     0.000
    1.0000     4.383    -0.199    -0.297    -0.248     0.000
    1.0000     4.383    -0.199    -0.296    -0.248     0.000
    1.0000     4.383    -0.199    -0.296    -0.247     0.000
    1.0000     4.383    -0.199    -0.296    -0.247     0.000
    1.0000     4.383    -0.199    -0.295    -0.247     0.000
    1.0000     4.383    -0.199    -0.295    -0.246     0.000
    1.0000     4.383    -0.198    -0.295    -0.246     0.000
    1.0000     4.383    -0.198    -0.294    -0.246     0.000
    1.0000     4.383    -0.198    -0.298    -0.245     0.000
    1.0000     4.383    -0.198    -0.348    -0.249     0.000
    1.0000     4.383    -0.198    -0.390    -0.264     0.000
    1.0000     4.383    -0.198    -0.590    -0.299     0.000
    1.0000     4.383    -0.198    -0.721    -0.330     0.000
    1.0000     4.383    -0.198    -0.853    -0.364     0.000
    1.0000     4.383    -0.198    -1.032    -0.408     0.000
    1.0000     4.383    -0.198    -1.248    -0.463     0.000
    1.0000     4.383    -0.199    -1.415    -0.517     0.000
    1.0000     4.383    -0.199    -1.484    -0.553     0.000
    1.0000     4.383    -0.200    -1.524    -0.590     0.000
    1.0000     4.383    -0.200    -1.560    -0.640     0.000
    1.0000     4.383    -0.201    -1.818    -0.677     0.000
    1.0000     4.383    -0.201    -1.846    -0.695     0.000
    1.0000     4.383    -0.202    -1.878    -0.702     0.000
    1.0000     4.383    -0.202    -1.904    -0.708     0.000
    1.0000     4.383    -0.203    -1.924    -0.712     0.000
    1.0000     4.383    -0.203    -1.964    -0.724     0.000
    1.0000     4.383    -0.204    -1.907    -0.714     0.000
    1.0000     4.383    -0.204    -1.874    -0.698     0.000
    1.0000     4.382    -0.205    -1.938    -0.707     0.000
    1.0000     4.382    -0.206    -1.987    -0.687     0.000
    1.0000     4.382    -0.206    -1.956    -0.654     0.000
    1.0000     4.382    -0.207    -1.788    -0.590     0.000
    1.0000     4.382    -0.208    -1.338    -0.469     0.000
    1.0000     4.382    -0.208    -1.150    -0.401     0.000
    1.0000     4.382    -0.209    -1.015    -0.355     0.000
    1.0000     4.382    -0.209    -0.802    -0.309     0.000
    1.0000     4.382    -0.209    -0.532    -0.268     0.000
    1.0000     4.382    -0.209    -0.328    -0.261     0.000
    1.0000     4.382    -0.209    -0.311    -0.260     0.000
    1.0000     4.382    -0.209    -0.308    -0.259     0.000
    1.0000     4.382    -0.208    -0.307    -0.258     0.000
    1.0000     4.382    -0.208    -0.306    -0.257     0.000
    1.0000     4.382    -0.208    -0.306    -0.257     0.000
    1.0000     4.382    -0.208    -0.306    -0.257     0.000
    1.0000     4.382    -0.208    -0.306    -0.257     0.000
    1.0000     4.382    -0.208    -0.305    -0.256     0.000
    1.0000     4.382    -0.208    -0.305    -0.256     0.000
    1.0000     4.382    -0.207    -0.304    -0.255     0.000
    1.0000     4.382    -0.207    -0.304    -0.255     0.000
    1.0000     4.382    -0.207    -0.304    -0.255     0.000
    1.0000     4.382    -0.207    -0.303    -0.254     0.000
    1.0000     4.382    -0.207    -0.303    -0.254     0.000
    1.0000     4.382    -0.207    -0.302    -0.254     0.000
    1.0000     4.382    -0.206    -0.302    -0.253     0.000
    1.0000     4.382    -0.206    -0.302    -0.253     0.000
    1.0000     4.382    -0.206    -0.301    -0.253     0.000
    1.0000     4.382    -0.206    -0.287    -0.253     0.000
    1.0000     4.382    -0.206    -0.343    -0.257     0.000
    1.0000     4.382    -0.206    -0.386    -0.274     0.000
    1.0000     4.382    -0.205    -0.519    -0.298     0.000
    1.0000     4.382    -0.205    -0.610    -0.316     0.000
    1.0000     4.382    -0.205    -0.766    -0.354     0.000
    1.0000     4.382    -0.206    -0.991    -0.412     0.000
    1.0000     4.382    -0.206    -1.154    -0.460     0.000
    1.0000     4.382    -0.206    -1.394    -0.523     0.000
    1.0000     4.382    -0.207    -1.525    -0.572     0.000
    1.0000     4.382    -0.207    -1.533    -0.565     0.000
    1.0000     4.382    -0.208    -1.550    -0.625     0.000
    1.0000     4.382    -0.208    -1.574    -0.654     0.000
    1.0000     4.382    -0.209    -1.790    -0.651     0.000
    1.0000     4.382    -0.209    -1.840    -0.688     0.000
    1.0000     4.382    -0.210    -1.853    -0.691     0.000
    1.0000     4.382    -0.210    -1.868    -0.689     0.000
    1.0000     4.382    -0.211    -1.871    -0.691     0.000
    1.0000     4.382    -0.211    -1.808    -0.618     0.000
    1.0000     4.381    -0.212    -1.830    -0.646     0.000
    1.0000     4.381    -0.212    -1.819    -0.627     0.000
    1.0000     4.381    -0.213    -1.721    -0.550     0.000
    1.0000     4.381    -0.214    -1.737    -0.558     0.000
    1.0000     4.381    -0.214    -1.672    -0.544     0.000
    1.0000     4.381    -0.215    -1.509    -0.509     0.000
    1.0000     4.381    -0.215    -1.379    -0.449     0.000
    1.0000     4.381    -0.216    -1.096    -0.383     0.000
    1.0000     4.381    -0.216    -0.836    -0.329     0.000
    1.0000     4.381    -0.216    -0.534    -0.278     0.000
    1.0000     4.381    -0.216    -0.334    -0.266     0.000
    1.0000     4.381    -0.216    -0.315    -0.265     0.000
    1.0000     4.381    -0.215    -0.313    -0.264     0.000
    1.0000     4.381    -0.215    -0.313    -0.264     0.000
    1.0000     4.381    -0.215    -0.312    -0.263     0.000
    1.0000     4.381    -0.215    -0.312    -0.263     0.000
    1.0000     4.381    -0.215    -0.312    -0.263     0.000
    1.0000     4.381    -0.215    -0.311    -0.262     0.000
    1.0000     4.381    -0.214    -0.311    -0.262     0.000
    1.0000     4.381    -0.214    -0.311    -0.262     0.000
    1.0000     4.381    -0.214    -0.310    -0.261     0.000
    1.0000     4.381    -0.214    -0.310    -0.261     0.000
    1.0000     4.381    -0.214    -0.310    -0.261     0.000
    1.0000     4.381    -0.213    -0.309    -0.260     0.000
    1.0000     4.381    -0.213    -0.308    -0.260     0.000
    1.0000     4.381    -0.213    -0.308    -0.260     0.000
    1.0000     4.381    -0.213    -0.308    -0.260     0.000
    1.0000     4.381    -0.213    -0.308    -0.259     0.000
    1.0000     4.381    -0.212    -0.308    -0.259     0.000
    1.0000     4.381    -0.212    -0.298    -0.259     0.000
    1.0000     4.381    -0.212    -0.348    -0.263     0.000
    1.0000     4.381    -0.212    -0.417    -0.278     0.000
    1.0000     4.381    -0.212    -0.508    -0.298     0.000
    1.0000     4.381    -0.212    -0.635    -0.326     0.000
    1.0000     4.381    -0.212    -0.763    -0.358     0.000
    1.0000     4.381    -0.212    -0.896    -0.398     0.000
    1.0000     4.381    -0.212    -1.042    -0.445     0.000
    1.0000     4.381    -0.212    -1.185    -0.489     0.000
    1.0000     4.381    -0.213    -1.336    -0.527     0.000
    1.0000     4.381    -0.213    -1.467    -0.566     0.000
    1.0000     4.381    -0.213    -1.518    -0.602     0.000
    1.0000     4.381    -0.214    -1.537    -0.627     0.000
    1.0000     4.381    -0.215    -1.547    -0.647     0.000
    1.0000     4.381    -0.215    -1.552    -0.651     0.000
    1.0000     4.385    -0.216    -1.786    -0.669     0.000
    1.0000     4.507    -0.216    -1.800    -0.658     0.000
    1.0000     4.905    -0.365    -1.815    -0.772     0.000
    1.0000     5.007    -0.287    -1.808    -0.696     0.000
    1.0000     5.018    -0.232    -1.794    -0.637     0.000
    1.0000     5.020    -0.214    -1.810    -0.616     0.000
    1.0000     5.020    -0.207    -1.780    -0.583     0.000
    1.0000     5.020    -0.205    -1.715    -0.547     0.000
    1.0000     5.020    -0.205    -1.593    -0.507     0.000
    1.0000     5.020    -0.205    -1.424    -0.461     0.000
    1.0000     5.020    -0.205    -1.220    -0.408     0.000
    1.0000     5.020    -0.205    -0.983    -0.356     0.000
    1.0000     5.020    -0.206    -0.693    -0.302     0.000
    1.0000     5.020    -0.207    -0.442    -0.262     0.000
    1.0000     5.020    -0.208    -0.316    -0.256     0.000
    1.0000     5.020    -0.208    -0.306    -0.257     0.000
    1.0000     5.020    -0.209    -0.306    -0.257     0.000
    1.0000     5.020    -0.210    -0.307    -0.258     0.000
    1.0000     5.020    -0.211    -0.308    -0.259     0.000
    1.0000     5.020    -0.213    -0.309    -0.260     0.000
    1.0000     5.020    -0.216    -0.312    -0.263     0.000
    1.0000     5.020    -0.216    -0.312    -0.263     0.000
    1.0000     5.019    -0.218    -0.314    -0.265     0.000
    1.0000     5.019    -0.221    -0.317    -0.268     0.000
    1.0000     5.019    -0.221    -0.317    -0.268     0.000
    1.0000     5.019    -0.223    -0.319    -0.270     0.000
    1.0000     5.019    -0.224    -0.320    -0.272     0.000
    1.0000     5.019    -0.226    -0.322    -0.273     0.000
    1.0000     5.018    -0.228    -0.324    -0.275     0.000
    1.0000     5.018    -0.230    -0.326    -0.277     0.000
    1.0000     5.018    -0.232    -0.328    -0.279     0.000
    1.0000     5.018    -0.233    -0.329    -0.280     0.000
    1.0000     5.018    -0.235    -0.331    -0.282     0.000
    1.0000     5.018    -0.236    -0.346    -0.282     0.000
    1.0000     5.018    -0.236    -0.424    -0.288     0.000
    1.0000     5.017    -0.238    -0.478    -0.305     0.000
    1.0000     5.017    -0.239    -0.572    -0.328     0.000
    1.0000     5.017    -0.239    -0.662    -0.352     0.000
    1.0000     5.017    -0.241    -0.740    -0.377     0.000
    1.0000     5.017    -0.241    -0.838    -0.407     0.000
    1.0000     5.017    -0.242    -0.967    -0.442     0.000
    1.0000     5.015    -0.254    -1.135    -0.488     0.000
    1.0000     5.013    -0.266    -1.257    -0.530     0.000
    1.0000     5.011    -0.274    -1.338    -0.559     0.000
    1.0000     5.009    -0.281    -1.404    -0.584     0.000
    1.0000     5.008    -0.286    -1.449    -0.603     0.000
    1.0000     5.007    -0.289    -1.486    -0.623     0.000
    1.0000     5.006    -0.292    -1.508    -0.642     0.000
    1.0000     5.006    -0.294    -1.523    -0.655     0.000
    1.0000     5.005    -0.296    -1.535    -0.668     0.000
    1.0000     5.005    -0.298    -1.542    -0.675     0.000
    1.0000     5.004    -0.299    -1.543    -0.675     0.000
    1.0000     5.004    -0.300    -1.543    -0.669     0.000
    1.0000     5.003    -0.303    -1.540    -0.659     0.000
    1.0000     5.002    -0.305    -1.533    -0.642     0.000
    1.0000     5.002    -0.307    -1.512    -0.613     0.000
    1.0000     5.001    -0.309    -1.461    -0.580     0.000
    1.0000     5.000    -0.311    -1.356    -0.544     0.000
    1.0000     5.000    -0.313    -1.200    -0.504     0.000
    1.0000     4.999    -0.315    -1.000    -0.457     0.000
    1.0000     4.998    -0.317    -0.737    -0.406     0.000
    1.0000     4.997    -0.319    -0.534    -0.374     0.000
    1.0000     4.996    -0.321    -0.426    -0.370     0.000
    1.0000     4.995    -0.323    -0.421    -0.371     0.000
    1.0000     4.994    -0.325    -0.422    -0.373     0.000
    1.0000     4.993    -0.327    -0.423    -0.374     0.000
    1.0000     4.993    -0.328    -0.425    -0.376     0.000
    1.0000     4.992    -0.329    -0.426    -0.377     0.000
    1.0000     4.991    -0.331    -0.427    -0.378     0.000
    1.0000     4.990    -0.332    -0.428    -0.379     0.000
    1.0000     4.990    -0.333    -0.429    -0.380     0.000
    1.0000     4.989    -0.334    -0.430    -0.381     0.000
    1.0000     4.988    -0.335    -0.431    -0.382     0.000
    1.0000     4.988    -0.335    -0.431    -0.382     0.000
    1.0000     4.987    -0.336    -0.431    -0.383     0.000
    1.0000     4.987    -0.337    -0.432    -0.383     0.000
    1.0000     4.986    -0.337    -0.432    -0.384     0.000
    1.0000     4.986    -0.338    -0.433    -0.385     0.000
    1.0000     4.985    -0.338    -0.433    -0.385     0.000
    1.0000     4.985    -0.339    -0.434    -0.385     0.000
    1.0000     4.984    -0.339    -0.435    -0.386     0.000
    1.0000     4.984    -0.339    -0.428    -0.386     0.000
    1.0000     4.983    -0.340    -0.468    -0.390     0.000
    1.0000     4.983    -0.340    -0.532    -0.405     0.000
    1.0000     4.983    -0.340    -0.607    -0.424     0.000
    1.0000     4.983    -0.340    -0.725    -0.452     0.000
    1.0000     4.983    -0.340    -0.843    -0.482     0.000
    1.0000     4.984    -0.339    -0.973    -0.515     0.000
    1.0000     4.984    -0.339    -1.114    -0.553     0.000
    1.0000     4.985    -0.338    -1.328    -0.600     0.000
    1.0000     4.986    -0.337    -1.524    -0.658     0.000
    1.0000     4.987    -0.337    -1.747    -0.718     0.000
    1.0000     4.987    -0.337    -1.822    -0.748     0.000
    1.0000     4.987    -0.337    -1.827    -0.766     0.000
    1.0000     4.987    -0.337    -1.836    -0.773     0.000
    1.0000     4.987    -0.338    -1.847    -0.774     0.000
    1.0000     4.986    -0.339    -1.852    -0.779     0.000
    1.0000     4.986    -0.340    -1.875    -0.777     0.000
    1.0000     4.986    -0.341    -1.862    -0.767     0.000
    1.0000     4.986    -0.340    -1.850    -0.764     0.000
    1.0000     4.986    -0.340    -1.833    -0.757     0.000
    1.0000     4.986    -0.341    -1.849    -0.754     0.000
    1.0000     4.985    -0.342    -1.843    -0.735     0.000
    1.0000     4.985    -0.344    -1.816    -0.706     0.000
    1.0000     4.985    -0.345    -1.766    -0.668     0.000
    1.0000     4.984    -0.346    -1.519    -0.598     0.000
    1.0000     4.984    -0.346    -1.448    -0.557     0.000
    1.0000     4.983    -0.348    -1.216    -0.502     0.000
    1.0000     4.983    -0.348    -0.896    -0.446     0.000
    1.0000     4.982    -0.349    -0.599    -0.405     0.000
    1.0000     4.982    -0.350    -0.458    -0.399     0.000
    1.0000     4.981    -0.351    -0.450    -0.401     0.000
    1.0000     4.979    -0.353    -0.451    -0.402     0.000
    1.0000     4.977    -0.355    -0.453    -0.404     0.000
    1.0000     4.975    -0.357    -0.455    -0.406     0.000
    1.0000     4.974    -0.359    -0.456    -0.407     0.000
    1.0000     4.972    -0.361    -0.458    -0.409     0.000
    1.0000     4.970    -0.362    -0.459    -0.410     0.000
    1.0000     4.969    -0.363    -0.460    -0.411     0.000
    1.0000     4.967    -0.365    -0.461    -0.412     0.000
    1.0000     4.966    -0.366    -0.462    -0.413     0.000
    1.0000     4.964    -0.367    -0.464    -0.415     0.000
    1.0000     4.962    -0.368    -0.465    -0.416     0.000
    1.0000     4.961    -0.369    -0.465    -0.416     0.000
    1.0000     4.960    -0.369    -0.466    -0.417     0.000
    1.0000     4.958    -0.370    -0.467    -0.418     0.000
    1.0000     4.957    -0.371    -0.467    -0.418     0.000
    1.0000     4.955    -0.371    -0.468    -0.419     0.000
    1.0000     4.954    -0.372    -0.468    -0.419     0.000
    1.0000     4.954    -0.372    -0.498    -0.419     0.000
    1.0000     4.952    -0.372    -0.574    -0.426     0.000
    1.0000     4.952    -0.372    -0.624    -0.441     0.000
    1.0000     4.951    -0.373    -0.731    -0.467     0.000
    1.0000     4.950    -0.373    -0.829    -0.496     0.000
    1.0000     4.950    -0.373    -0.932    -0.527     0.000
    1.0000     4.950    -0.373    -1.057    -0.560     0.000
    1.0000     4.952    -0.373    -1.181    -0.592     0.000
    1.0000     4.952    -0.373    -1.283    -0.625     0.000
    1.0000     4.953    -0.373    -1.415    -0.660     0.000
    1.0000     4.954    -0.373    -1.515    -0.698     0.000
    1.0000     4.954    -0.373    -1.540    -0.726     0.000
    1.0000     4.956    -0.373    -1.557    -0.745     0.000
    1.0000     4.957    -0.373    -1.635    -0.766     0.000
    1.0000     4.957    -0.373    -1.797    -0.770     0.000
    1.0000     4.957    -0.374    -1.812    -0.777     0.000
    1.0000     4.956    -0.375    -1.821    -0.785     0.000
    1.0000     4.956    -0.375    -1.821    -0.788     0.000
    1.0000     4.957    -0.375    -1.823    -0.787     0.000
    1.0000     4.956    -0.376    -1.820    -0.777     0.000
    1.0000     4.956    -0.377    -1.816    -0.766     0.000
    1.0000     4.954    -0.379    -1.807    -0.748     0.000
    1.0000     4.952    -0.380    -1.782    -0.723     0.000
    1.0000     4.951    -0.382    -1.725    -0.689     0.000
    1.0000     4.949    -0.383    -1.566    -0.644     0.000
    1.0000     4.948    -0.384    -1.390    -0.592     0.000
    1.0000     4.947    -0.385    -1.147    -0.535     0.000
    1.0000     4.945    -0.385    -0.924    -0.489     0.000
    1.0000     4.943    -0.386    -0.682    -0.447     0.000
    1.0000     4.940    -0.388    -0.505    -0.437     0.000
    1.0000     4.935    -0.389    -0.487    -0.437     0.000
    1.0000     4.931    -0.389    -0.487    -0.438     0.000
    1.0000     4.927    -0.390    -0.488    -0.439     0.000
    1.0000     4.923    -0.390    -0.488    -0.439     0.000
    1.0000     4.919    -0.390    -0.488    -0.439     0.000
    1.0000     4.915    -0.390    -0.487    -0.438     0.000
    1.0000     4.912    -0.390    -0.487    -0.438     0.000
    1.0000     4.908    -0.389    -0.486    -0.437     0.000
    1.0000     4.905    -0.389    -0.486    -0.437     0.000
    1.0000     4.901    -0.388    -0.485    -0.436     0.000
    1.0000     4.897    -0.387    -0.484    -0.435     0.000
    1.0000     4.894    -0.386    -0.483    -0.434     0.000
    1.0000     4.892    -0.386    -0.482    -0.433     0.000
    1.0000     4.889    -0.385    -0.481    -0.432     0.000
    1.0000     4.887    -0.384    -0.480    -0.431     0.000
    1.0000     4.885    -0.383    -0.479    -0.430     0.000
    1.0000     4.882    -0.382    -0.478    -0.429     0.000
    1.0000     4.880    -0.381    -0.477    -0.428     0.000
    1.0000     4.878    -0.380    -0.484    -0.427     0.000
    1.0000     4.875    -0.379    -0.532    -0.431     0.000
    1.0000     4.874    -0.378    -0.594    -0.444     0.000
    1.0000     4.872    -0.377    -0.728    -0.470     0.000
    1.0000     4.872    -0.377    -0.848    -0.500     0.000
    1.0000     4.871    -0.377    -0.930    -0.525     0.000
    1.0000     4.868    -0.376    -1.020    -0.553     0.000
    1.0000     4.869    -0.376    -1.123    -0.585     0.000
    1.0000     4.868    -0.376    -1.224    -0.616     0.000
    1.0000     4.868    -0.376    -1.340    -0.647     0.000
    1.0000     4.868    -0.377    -1.452    -0.679     0.000
    1.0000     4.869    -0.378    -1.503    -0.707     0.000
    1.0000     4.870    -0.379    -1.527    -0.727     0.000
    1.0000     4.874    -0.381    -1.544    -0.742     0.000
    1.0000     4.873    -0.382    -1.553    -0.756     0.000
    1.0000     4.872    -0.382    -1.752    -0.764     0.000
    1.0000     4.869    -0.381    -1.772    -0.766     0.000
    1.0000     4.869    -0.382    -1.781    -0.770     0.000
    1.0000     4.869    -0.383    -1.783    -0.768     0.000
    1.0000     4.869    -0.384    -1.778    -0.760     0.000
    1.0000     4.866    -0.383    -1.768    -0.746     0.000
    1.0000     4.862    -0.382    -1.757    -0.729     0.000
    1.0000     4.858    -0.381    -1.742    -0.708     0.000
    1.0000     4.854    -0.379    -1.682    -0.676     0.000
    1.0000     4.849    -0.378    -1.541    -0.637     0.000
    1.0000     4.845    -0.376    -1.388    -0.587     0.000
    1.0000     4.839    -0.373    -1.168    -0.533     0.000
    1.0000     4.834    -0.370    -0.901    -0.477     0.000
    1.0000     4.828    -0.366    -0.661    -0.431     0.000
    1.0000     4.823    -0.363    -0.496    -0.412     0.000
    1.0000     4.816    -0.357    -0.457    -0.406     0.000
    1.0000     4.810    -0.352    -0.450    -0.401     0.000
    1.0000     4.804    -0.348    -0.445    -0.396     0.000
    1.0000     4.798    -0.343    -0.440    -0.391     0.000
    1.0000     4.792    -0.337    -0.434    -0.385     0.000
    1.0000     4.786    -0.332    -0.429    -0.380     0.000
    1.0000     4.781    -0.327    -0.423    -0.374     0.000
    1.0000     4.775    -0.321    -0.418    -0.369     0.000
    1.0000     4.769    -0.315    -0.412    -0.363     0.000
    1.0000     4.764    -0.310    -0.406    -0.357     0.000
    1.0000     4.759    -0.304    -0.401    -0.352     0.000
    1.0000     4.754    -0.299    -0.395    -0.346     0.000
    1.0000     4.748    -0.293    -0.390    -0.341     0.000
    1.0000     4.744    -0.289    -0.385    -0.336     0.000
    1.0000     4.740    -0.285    -0.381    -0.332     0.000
    1.0000     4.736    -0.283    -0.379    -0.330     0.000
    1.0000     4.733    -0.282    -0.377    -0.328     0.000
    1.0000     4.731    -0.280    -0.375    -0.327     0.000
    1.0000     4.726    -0.278    -0.362    -0.324     0.000
    1.0000     4.723    -0.276    -0.387    -0.326     0.000
    1.0000     4.721    -0.275    -0.450    -0.338     0.000
    1.0000     4.717    -0.272    -0.558    -0.357     0.000
    1.0000     4.716    -0.272    -0.649    -0.377     0.000
    1.0000     4.712    -0.270    -0.743    -0.399     0.000
    1.0000     4.711    -0.270    -0.856    -0.432     0.000
    1.0000     4.708    -0.268    -0.997    -0.473     0.000
    1.0000     4.704    -0.266    -1.126    -0.509     0.000
    1.0000     4.701    -0.265    -1.233    -0.538     0.000
    1.0000     4.701    -0.265    -1.355    -0.573     0.000
    1.0000     4.700    -0.265    -1.445    -0.599     0.000
    1.0000     4.700    -0.266    -1.497    -0.618     0.000
    1.0000     4.705    -0.269    -1.515    -0.632     0.000
    1.0000     4.704    -0.269    -1.524    -0.643     0.000
    1.0000     4.703    -0.269    -1.532    -0.653     0.000
    1.0000     4.700    -0.267    -1.538    -0.660     0.000
    1.0000     4.699    -0.267    -1.544    -0.667     0.000
    1.0000     4.703    -0.269    -1.549    -0.668     0.000
    1.0000     4.703    -0.270    -1.764    -0.661     0.000
    1.0000     4.698    -0.268    -1.761    -0.647     0.000
    1.0000     4.696    -0.267    -1.724    -0.625     0.000
    1.0000     4.692    -0.266    -1.690    -0.604     0.000
